2022-10-04 17:15:40,862 INFO org.springframework.boot.StartupInfoLogger [restartedMain] Starting ReportAnalyticsApplication using Java 17.0.2 on Chittaranjans-MacBook-Pro.local with PID 49258 (/Users/chittaranjan/Desktop/Projects/Generic Report/workspaces/ws-1/wns-report-analytics/target/classes started by chittaranjan in /Users/chittaranjan/Desktop/Projects/Generic Report/workspaces/ws-1/wns-report-analytics)
2022-10-04 17:15:40,872 INFO org.springframework.boot.SpringApplication [restartedMain] No active profile set, falling back to 1 default profile: "default"
2022-10-04 17:15:41,068 INFO org.springframework.boot.logging.DeferredLog [restartedMain] Devtools property defaults active! Set 'spring.devtools.add-properties' to 'false' to disable
2022-10-04 17:15:41,070 INFO org.springframework.boot.logging.DeferredLog [restartedMain] For additional web related logging consider setting the 'logging.level.web' property to 'DEBUG'
2022-10-04 17:15:42,201 INFO org.springframework.data.repository.config.RepositoryConfigurationDelegate [restartedMain] Bootstrapping Spring Data JPA repositories in DEFAULT mode.
2022-10-04 17:15:42,394 INFO org.springframework.data.repository.config.RepositoryConfigurationDelegate [restartedMain] Finished Spring Data repository scanning in 182 ms. Found 6 JPA repository interfaces.
2022-10-04 17:15:44,537 INFO org.springframework.boot.web.embedded.tomcat.TomcatWebServer [restartedMain] Tomcat initialized with port(s): 8080 (http)
2022-10-04 17:15:44,561 INFO org.apache.juli.logging.DirectJDKLog [restartedMain] Initializing ProtocolHandler ["http-nio-8080"]
2022-10-04 17:15:44,562 INFO org.apache.juli.logging.DirectJDKLog [restartedMain] Starting service [Tomcat]
2022-10-04 17:15:44,562 INFO org.apache.juli.logging.DirectJDKLog [restartedMain] Starting Servlet engine: [Apache Tomcat/9.0.65]
2022-10-04 17:15:45,058 INFO org.apache.juli.logging.DirectJDKLog [restartedMain] At least one JAR was scanned for TLDs yet contained no TLDs. Enable debug logging for this logger for a complete list of JARs that were scanned but no TLDs were found in them. Skipping unneeded JARs during scanning can improve startup time and JSP compilation time.
2022-10-04 17:15:45,083 INFO org.apache.juli.logging.DirectJDKLog [restartedMain] Initializing Spring embedded WebApplicationContext
2022-10-04 17:15:45,084 INFO org.springframework.boot.web.servlet.context.ServletWebServerApplicationContext [restartedMain] Root WebApplicationContext: initialization completed in 4013 ms
2022-10-04 17:15:45,518 INFO org.hibernate.jpa.internal.util.LogHelper [restartedMain] HHH000204: Processing PersistenceUnitInfo [name: default]
2022-10-04 17:15:45,568 INFO org.hibernate.Version [restartedMain] HHH000412: Hibernate ORM core version 5.6.10.Final
2022-10-04 17:15:45,781 INFO org.hibernate.annotations.common.reflection.java.JavaReflectionManager [restartedMain] HCANN000001: Hibernate Commons Annotations {5.1.2.Final}
2022-10-04 17:15:45,897 INFO com.zaxxer.hikari.HikariDataSource [restartedMain] HikariPool-1 - Starting...
2022-10-04 17:15:46,771 INFO com.zaxxer.hikari.HikariDataSource [restartedMain] HikariPool-1 - Start completed.
2022-10-04 17:15:46,797 INFO org.hibernate.dialect.Dialect [restartedMain] HHH000400: Using dialect: org.hibernate.dialect.SQLServer2012Dialect
2022-10-04 17:15:49,244 INFO org.hibernate.engine.transaction.jta.platform.internal.JtaPlatformInitiator [restartedMain] HHH000490: Using JtaPlatform implementation: [org.hibernate.engine.transaction.jta.platform.internal.NoJtaPlatform]
2022-10-04 17:15:49,261 INFO org.springframework.orm.jpa.AbstractEntityManagerFactoryBean [restartedMain] Initialized JPA EntityManagerFactory for persistence unit 'default'
2022-10-04 17:15:51,048 INFO org.springframework.boot.devtools.autoconfigure.OptionalLiveReloadServer [restartedMain] LiveReload server is running on port 35729
2022-10-04 17:15:51,072 INFO org.apache.juli.logging.DirectJDKLog [restartedMain] Starting ProtocolHandler ["http-nio-8080"]
2022-10-04 17:15:51,106 INFO org.springframework.boot.web.embedded.tomcat.TomcatWebServer [restartedMain] Tomcat started on port(s): 8080 (http) with context path ''
2022-10-04 17:15:51,138 INFO org.springframework.boot.StartupInfoLogger [restartedMain] Started ReportAnalyticsApplication in 11.062 seconds (JVM running for 12.358)
2022-10-04 17:16:37,254 INFO org.apache.juli.logging.DirectJDKLog [http-nio-8080-exec-1] Initializing Spring DispatcherServlet 'dispatcherServlet'
2022-10-04 17:16:37,256 INFO org.springframework.web.servlet.FrameworkServlet [http-nio-8080-exec-1] Initializing Servlet 'dispatcherServlet'
2022-10-04 17:16:37,264 INFO org.springframework.web.servlet.FrameworkServlet [http-nio-8080-exec-1] Completed initialization in 8 ms
2022-10-04 17:16:39,811 ERROR org.apache.juli.logging.DirectJDKLog [http-nio-8080-exec-1] Servlet.service() for servlet [jsp] threw exception
java.lang.IllegalStateException: Cannot create a session after the response has been committed
	at org.apache.catalina.connector.Request.doGetSession(Request.java:3060)
	at org.apache.catalina.connector.Request.getSession(Request.java:2492)
	at org.apache.catalina.connector.RequestFacade.getSession(RequestFacade.java:908)
	at javax.servlet.http.HttpServletRequestWrapper.getSession(HttpServletRequestWrapper.java:244)
	at org.apache.catalina.core.ApplicationHttpRequest.getSession(ApplicationHttpRequest.java:585)
	at org.apache.catalina.core.ApplicationHttpRequest.getSession(ApplicationHttpRequest.java:529)
	at org.apache.jasper.runtime.PageContextImpl.initialize(PageContextImpl.java:130)
	at org.apache.jasper.runtime.JspFactoryImpl.internalGetPageContext(JspFactoryImpl.java:109)
	at org.apache.jasper.runtime.JspFactoryImpl.getPageContext(JspFactoryImpl.java:59)
	at org.apache.jsp.WEB_002dINF.jsp.login.login_jsp._jspService(login_jsp.java:114)
	at org.apache.jasper.runtime.HttpJspBase.service(HttpJspBase.java:70)
	at javax.servlet.http.HttpServlet.service(HttpServlet.java:764)
	at org.apache.jasper.servlet.JspServletWrapper.service(JspServletWrapper.java:466)
	at org.apache.jasper.servlet.JspServlet.serviceJspFile(JspServlet.java:379)
	at org.apache.jasper.servlet.JspServlet.service(JspServlet.java:327)
	at javax.servlet.http.HttpServlet.service(HttpServlet.java:764)
	at org.apache.catalina.core.ApplicationFilterChain.internalDoFilter(ApplicationFilterChain.java:227)
	at org.apache.catalina.core.ApplicationFilterChain.doFilter(ApplicationFilterChain.java:162)
	at org.springframework.web.filter.OncePerRequestFilter.doFilter(OncePerRequestFilter.java:111)
	at org.apache.catalina.core.ApplicationFilterChain.internalDoFilter(ApplicationFilterChain.java:189)
	at org.apache.catalina.core.ApplicationFilterChain.doFilter(ApplicationFilterChain.java:162)
	at org.springframework.web.filter.OncePerRequestFilter.doFilter(OncePerRequestFilter.java:111)
	at org.apache.catalina.core.ApplicationFilterChain.internalDoFilter(ApplicationFilterChain.java:189)
	at org.apache.catalina.core.ApplicationFilterChain.doFilter(ApplicationFilterChain.java:162)
	at org.springframework.web.filter.OncePerRequestFilter.doFilter(OncePerRequestFilter.java:111)
	at org.apache.catalina.core.ApplicationFilterChain.internalDoFilter(ApplicationFilterChain.java:189)
	at org.apache.catalina.core.ApplicationFilterChain.doFilter(ApplicationFilterChain.java:162)
	at org.apache.catalina.core.ApplicationDispatcher.invoke(ApplicationDispatcher.java:711)
	at org.apache.catalina.core.ApplicationDispatcher.doInclude(ApplicationDispatcher.java:578)
	at org.apache.catalina.core.ApplicationDispatcher.include(ApplicationDispatcher.java:517)
	at org.springframework.web.servlet.view.InternalResourceView.renderMergedOutputModel(InternalResourceView.java:163)
	at org.springframework.web.servlet.view.AbstractView.render(AbstractView.java:316)
	at org.springframework.web.servlet.DispatcherServlet.render(DispatcherServlet.java:1404)
	at org.springframework.web.servlet.DispatcherServlet.processDispatchResult(DispatcherServlet.java:1148)
	at org.springframework.web.servlet.DispatcherServlet.doDispatch(DispatcherServlet.java:1087)
	at org.springframework.web.servlet.DispatcherServlet.doService(DispatcherServlet.java:963)
	at org.springframework.web.servlet.FrameworkServlet.processRequest(FrameworkServlet.java:1006)
	at org.springframework.web.servlet.FrameworkServlet.doGet(FrameworkServlet.java:898)
	at javax.servlet.http.HttpServlet.service(HttpServlet.java:655)
	at org.springframework.web.servlet.FrameworkServlet.service(FrameworkServlet.java:883)
	at javax.servlet.http.HttpServlet.service(HttpServlet.java:764)
	at org.apache.catalina.core.ApplicationFilterChain.internalDoFilter(ApplicationFilterChain.java:227)
	at org.apache.catalina.core.ApplicationFilterChain.doFilter(ApplicationFilterChain.java:162)
	at org.apache.tomcat.websocket.server.WsFilter.doFilter(WsFilter.java:53)
	at org.apache.catalina.core.ApplicationFilterChain.internalDoFilter(ApplicationFilterChain.java:189)
	at org.apache.catalina.core.ApplicationFilterChain.doFilter(ApplicationFilterChain.java:162)
	at org.springframework.web.filter.RequestContextFilter.doFilterInternal(RequestContextFilter.java:100)
	at org.springframework.web.filter.OncePerRequestFilter.doFilter(OncePerRequestFilter.java:117)
	at org.apache.catalina.core.ApplicationFilterChain.internalDoFilter(ApplicationFilterChain.java:189)
	at org.apache.catalina.core.ApplicationFilterChain.doFilter(ApplicationFilterChain.java:162)
	at org.springframework.web.filter.FormContentFilter.doFilterInternal(FormContentFilter.java:93)
	at org.springframework.web.filter.OncePerRequestFilter.doFilter(OncePerRequestFilter.java:117)
	at org.apache.catalina.core.ApplicationFilterChain.internalDoFilter(ApplicationFilterChain.java:189)
	at org.apache.catalina.core.ApplicationFilterChain.doFilter(ApplicationFilterChain.java:162)
	at org.springframework.web.filter.CharacterEncodingFilter.doFilterInternal(CharacterEncodingFilter.java:201)
	at org.springframework.web.filter.OncePerRequestFilter.doFilter(OncePerRequestFilter.java:117)
	at org.apache.catalina.core.ApplicationFilterChain.internalDoFilter(ApplicationFilterChain.java:189)
	at org.apache.catalina.core.ApplicationFilterChain.doFilter(ApplicationFilterChain.java:162)
	at org.apache.catalina.core.StandardWrapperValve.invoke(StandardWrapperValve.java:197)
	at org.apache.catalina.core.StandardContextValve.invoke(StandardContextValve.java:97)
	at org.apache.catalina.authenticator.AuthenticatorBase.invoke(AuthenticatorBase.java:541)
	at org.apache.catalina.core.StandardHostValve.invoke(StandardHostValve.java:135)
	at org.apache.catalina.valves.ErrorReportValve.invoke(ErrorReportValve.java:92)
	at org.apache.catalina.core.StandardEngineValve.invoke(StandardEngineValve.java:78)
	at org.apache.catalina.connector.CoyoteAdapter.service(CoyoteAdapter.java:360)
	at org.apache.coyote.http11.Http11Processor.service(Http11Processor.java:399)
	at org.apache.coyote.AbstractProcessorLight.process(AbstractProcessorLight.java:65)
	at org.apache.coyote.AbstractProtocol$ConnectionHandler.process(AbstractProtocol.java:890)
	at org.apache.tomcat.util.net.NioEndpoint$SocketProcessor.doRun(NioEndpoint.java:1789)
	at org.apache.tomcat.util.net.SocketProcessorBase.run(SocketProcessorBase.java:49)
	at org.apache.tomcat.util.threads.ThreadPoolExecutor.runWorker(ThreadPoolExecutor.java:1191)
	at org.apache.tomcat.util.threads.ThreadPoolExecutor$Worker.run(ThreadPoolExecutor.java:659)
	at org.apache.tomcat.util.threads.TaskThread$WrappingRunnable.run(TaskThread.java:61)
	at java.base/java.lang.Thread.run(Thread.java:833)
2022-10-04 17:16:39,830 ERROR org.apache.juli.logging.DirectJDKLog [http-nio-8080-exec-1] Servlet.service() for servlet [dispatcherServlet] in context with path [] threw exception [javax.servlet.ServletException: java.lang.IllegalStateException: Cannot create a session after the response has been committed] with root cause
java.lang.IllegalStateException: Cannot create a session after the response has been committed
	at org.apache.catalina.connector.Request.doGetSession(Request.java:3060)
	at org.apache.catalina.connector.Request.getSession(Request.java:2492)
	at org.apache.catalina.connector.RequestFacade.getSession(RequestFacade.java:908)
	at javax.servlet.http.HttpServletRequestWrapper.getSession(HttpServletRequestWrapper.java:244)
	at org.apache.catalina.core.ApplicationHttpRequest.getSession(ApplicationHttpRequest.java:585)
	at org.apache.catalina.core.ApplicationHttpRequest.getSession(ApplicationHttpRequest.java:529)
	at org.apache.jasper.runtime.PageContextImpl.initialize(PageContextImpl.java:130)
	at org.apache.jasper.runtime.JspFactoryImpl.internalGetPageContext(JspFactoryImpl.java:109)
	at org.apache.jasper.runtime.JspFactoryImpl.getPageContext(JspFactoryImpl.java:59)
	at org.apache.jsp.WEB_002dINF.jsp.login.login_jsp._jspService(login_jsp.java:114)
	at org.apache.jasper.runtime.HttpJspBase.service(HttpJspBase.java:70)
	at javax.servlet.http.HttpServlet.service(HttpServlet.java:764)
	at org.apache.jasper.servlet.JspServletWrapper.service(JspServletWrapper.java:466)
	at org.apache.jasper.servlet.JspServlet.serviceJspFile(JspServlet.java:379)
	at org.apache.jasper.servlet.JspServlet.service(JspServlet.java:327)
	at javax.servlet.http.HttpServlet.service(HttpServlet.java:764)
	at org.apache.catalina.core.ApplicationFilterChain.internalDoFilter(ApplicationFilterChain.java:227)
	at org.apache.catalina.core.ApplicationFilterChain.doFilter(ApplicationFilterChain.java:162)
	at org.springframework.web.filter.OncePerRequestFilter.doFilter(OncePerRequestFilter.java:111)
	at org.apache.catalina.core.ApplicationFilterChain.internalDoFilter(ApplicationFilterChain.java:189)
	at org.apache.catalina.core.ApplicationFilterChain.doFilter(ApplicationFilterChain.java:162)
	at org.springframework.web.filter.OncePerRequestFilter.doFilter(OncePerRequestFilter.java:111)
	at org.apache.catalina.core.ApplicationFilterChain.internalDoFilter(ApplicationFilterChain.java:189)
	at org.apache.catalina.core.ApplicationFilterChain.doFilter(ApplicationFilterChain.java:162)
	at org.springframework.web.filter.OncePerRequestFilter.doFilter(OncePerRequestFilter.java:111)
	at org.apache.catalina.core.ApplicationFilterChain.internalDoFilter(ApplicationFilterChain.java:189)
	at org.apache.catalina.core.ApplicationFilterChain.doFilter(ApplicationFilterChain.java:162)
	at org.apache.catalina.core.ApplicationDispatcher.invoke(ApplicationDispatcher.java:711)
	at org.apache.catalina.core.ApplicationDispatcher.doInclude(ApplicationDispatcher.java:578)
	at org.apache.catalina.core.ApplicationDispatcher.include(ApplicationDispatcher.java:517)
	at org.springframework.web.servlet.view.InternalResourceView.renderMergedOutputModel(InternalResourceView.java:163)
	at org.springframework.web.servlet.view.AbstractView.render(AbstractView.java:316)
	at org.springframework.web.servlet.DispatcherServlet.render(DispatcherServlet.java:1404)
	at org.springframework.web.servlet.DispatcherServlet.processDispatchResult(DispatcherServlet.java:1148)
	at org.springframework.web.servlet.DispatcherServlet.doDispatch(DispatcherServlet.java:1087)
	at org.springframework.web.servlet.DispatcherServlet.doService(DispatcherServlet.java:963)
	at org.springframework.web.servlet.FrameworkServlet.processRequest(FrameworkServlet.java:1006)
	at org.springframework.web.servlet.FrameworkServlet.doGet(FrameworkServlet.java:898)
	at javax.servlet.http.HttpServlet.service(HttpServlet.java:655)
	at org.springframework.web.servlet.FrameworkServlet.service(FrameworkServlet.java:883)
	at javax.servlet.http.HttpServlet.service(HttpServlet.java:764)
	at org.apache.catalina.core.ApplicationFilterChain.internalDoFilter(ApplicationFilterChain.java:227)
	at org.apache.catalina.core.ApplicationFilterChain.doFilter(ApplicationFilterChain.java:162)
	at org.apache.tomcat.websocket.server.WsFilter.doFilter(WsFilter.java:53)
	at org.apache.catalina.core.ApplicationFilterChain.internalDoFilter(ApplicationFilterChain.java:189)
	at org.apache.catalina.core.ApplicationFilterChain.doFilter(ApplicationFilterChain.java:162)
	at org.springframework.web.filter.RequestContextFilter.doFilterInternal(RequestContextFilter.java:100)
	at org.springframework.web.filter.OncePerRequestFilter.doFilter(OncePerRequestFilter.java:117)
	at org.apache.catalina.core.ApplicationFilterChain.internalDoFilter(ApplicationFilterChain.java:189)
	at org.apache.catalina.core.ApplicationFilterChain.doFilter(ApplicationFilterChain.java:162)
	at org.springframework.web.filter.FormContentFilter.doFilterInternal(FormContentFilter.java:93)
	at org.springframework.web.filter.OncePerRequestFilter.doFilter(OncePerRequestFilter.java:117)
	at org.apache.catalina.core.ApplicationFilterChain.internalDoFilter(ApplicationFilterChain.java:189)
	at org.apache.catalina.core.ApplicationFilterChain.doFilter(ApplicationFilterChain.java:162)
	at org.springframework.web.filter.CharacterEncodingFilter.doFilterInternal(CharacterEncodingFilter.java:201)
	at org.springframework.web.filter.OncePerRequestFilter.doFilter(OncePerRequestFilter.java:117)
	at org.apache.catalina.core.ApplicationFilterChain.internalDoFilter(ApplicationFilterChain.java:189)
	at org.apache.catalina.core.ApplicationFilterChain.doFilter(ApplicationFilterChain.java:162)
	at org.apache.catalina.core.StandardWrapperValve.invoke(StandardWrapperValve.java:197)
	at org.apache.catalina.core.StandardContextValve.invoke(StandardContextValve.java:97)
	at org.apache.catalina.authenticator.AuthenticatorBase.invoke(AuthenticatorBase.java:541)
	at org.apache.catalina.core.StandardHostValve.invoke(StandardHostValve.java:135)
	at org.apache.catalina.valves.ErrorReportValve.invoke(ErrorReportValve.java:92)
	at org.apache.catalina.core.StandardEngineValve.invoke(StandardEngineValve.java:78)
	at org.apache.catalina.connector.CoyoteAdapter.service(CoyoteAdapter.java:360)
	at org.apache.coyote.http11.Http11Processor.service(Http11Processor.java:399)
	at org.apache.coyote.AbstractProcessorLight.process(AbstractProcessorLight.java:65)
	at org.apache.coyote.AbstractProtocol$ConnectionHandler.process(AbstractProtocol.java:890)
	at org.apache.tomcat.util.net.NioEndpoint$SocketProcessor.doRun(NioEndpoint.java:1789)
	at org.apache.tomcat.util.net.SocketProcessorBase.run(SocketProcessorBase.java:49)
	at org.apache.tomcat.util.threads.ThreadPoolExecutor.runWorker(ThreadPoolExecutor.java:1191)
	at org.apache.tomcat.util.threads.ThreadPoolExecutor$Worker.run(ThreadPoolExecutor.java:659)
	at org.apache.tomcat.util.threads.TaskThread$WrappingRunnable.run(TaskThread.java:61)
	at java.base/java.lang.Thread.run(Thread.java:833)
2022-10-04 17:18:08,497 INFO org.springframework.boot.devtools.autoconfigure.LocalDevToolsAutoConfiguration$RestartingClassPathChangeChangedEventListener [File Watcher] Restarting due to 1 class path change (0 additions, 0 deletions, 1 modification)
2022-10-04 17:18:08,530 INFO org.apache.juli.logging.DirectJDKLog [Thread-5] Pausing ProtocolHandler ["http-nio-8080"]
2022-10-04 17:18:08,531 INFO org.apache.juli.logging.DirectJDKLog [Thread-5] Stopping service [Tomcat]
2022-10-04 17:18:08,535 INFO org.apache.juli.logging.DirectJDKLog [Thread-5] Destroying Spring FrameworkServlet 'dispatcherServlet'
2022-10-04 17:18:08,553 INFO org.apache.juli.logging.DirectJDKLog [Thread-5] Stopping ProtocolHandler ["http-nio-8080"]
2022-10-04 17:18:08,561 INFO org.apache.juli.logging.DirectJDKLog [Thread-5] Destroying ProtocolHandler ["http-nio-8080"]
2022-10-04 17:18:08,577 INFO org.springframework.orm.jpa.AbstractEntityManagerFactoryBean [Thread-5] Closing JPA EntityManagerFactory for persistence unit 'default'
2022-10-04 17:18:08,585 INFO com.zaxxer.hikari.HikariDataSource [Thread-5] HikariPool-1 - Shutdown initiated...
2022-10-04 17:18:08,600 INFO com.zaxxer.hikari.HikariDataSource [Thread-5] HikariPool-1 - Shutdown completed.
2022-10-04 17:18:09,032 INFO org.springframework.boot.StartupInfoLogger [restartedMain] Starting ReportAnalyticsApplication using Java 17.0.2 on Chittaranjans-MacBook-Pro.local with PID 49258 (/Users/chittaranjan/Desktop/Projects/Generic Report/workspaces/ws-1/wns-report-analytics/target/classes started by chittaranjan in /Users/chittaranjan/Desktop/Projects/Generic Report/workspaces/ws-1/wns-report-analytics)
2022-10-04 17:18:09,033 INFO org.springframework.boot.SpringApplication [restartedMain] No active profile set, falling back to 1 default profile: "default"
2022-10-04 17:18:09,518 INFO org.springframework.data.repository.config.RepositoryConfigurationDelegate [restartedMain] Bootstrapping Spring Data JPA repositories in DEFAULT mode.
2022-10-04 17:18:09,587 INFO org.springframework.data.repository.config.RepositoryConfigurationDelegate [restartedMain] Finished Spring Data repository scanning in 68 ms. Found 6 JPA repository interfaces.
2022-10-04 17:18:10,109 INFO org.springframework.boot.web.embedded.tomcat.TomcatWebServer [restartedMain] Tomcat initialized with port(s): 8080 (http)
2022-10-04 17:18:10,117 INFO org.apache.juli.logging.DirectJDKLog [restartedMain] Initializing ProtocolHandler ["http-nio-8080"]
2022-10-04 17:18:10,118 INFO org.apache.juli.logging.DirectJDKLog [restartedMain] Starting service [Tomcat]
2022-10-04 17:18:10,118 INFO org.apache.juli.logging.DirectJDKLog [restartedMain] Starting Servlet engine: [Apache Tomcat/9.0.65]
2022-10-04 17:18:10,338 INFO org.apache.juli.logging.DirectJDKLog [restartedMain] At least one JAR was scanned for TLDs yet contained no TLDs. Enable debug logging for this logger for a complete list of JARs that were scanned but no TLDs were found in them. Skipping unneeded JARs during scanning can improve startup time and JSP compilation time.
2022-10-04 17:18:10,342 INFO org.apache.juli.logging.DirectJDKLog [restartedMain] Initializing Spring embedded WebApplicationContext
2022-10-04 17:18:10,343 INFO org.springframework.boot.web.servlet.context.ServletWebServerApplicationContext [restartedMain] Root WebApplicationContext: initialization completed in 1290 ms
2022-10-04 17:18:10,578 INFO org.hibernate.jpa.internal.util.LogHelper [restartedMain] HHH000204: Processing PersistenceUnitInfo [name: default]
2022-10-04 17:18:10,611 INFO com.zaxxer.hikari.HikariDataSource [restartedMain] HikariPool-2 - Starting...
2022-10-04 17:18:10,880 INFO com.zaxxer.hikari.HikariDataSource [restartedMain] HikariPool-2 - Start completed.
2022-10-04 17:18:10,882 INFO org.hibernate.dialect.Dialect [restartedMain] HHH000400: Using dialect: org.hibernate.dialect.SQLServer2012Dialect
2022-10-04 17:18:12,577 INFO org.hibernate.engine.transaction.jta.platform.internal.JtaPlatformInitiator [restartedMain] HHH000490: Using JtaPlatform implementation: [org.hibernate.engine.transaction.jta.platform.internal.NoJtaPlatform]
2022-10-04 17:18:12,589 INFO org.springframework.orm.jpa.AbstractEntityManagerFactoryBean [restartedMain] Initialized JPA EntityManagerFactory for persistence unit 'default'
2022-10-04 17:18:13,411 INFO org.springframework.boot.devtools.autoconfigure.OptionalLiveReloadServer [restartedMain] LiveReload server is running on port 35729
2022-10-04 17:18:13,425 INFO org.apache.juli.logging.DirectJDKLog [restartedMain] Starting ProtocolHandler ["http-nio-8080"]
2022-10-04 17:18:13,434 INFO org.springframework.boot.web.embedded.tomcat.TomcatWebServer [restartedMain] Tomcat started on port(s): 8080 (http) with context path ''
2022-10-04 17:18:13,447 INFO org.springframework.boot.StartupInfoLogger [restartedMain] Started ReportAnalyticsApplication in 4.66 seconds (JVM running for 154.667)
2022-10-04 17:18:13,463 INFO org.springframework.boot.devtools.autoconfigure.ConditionEvaluationDeltaLoggingListener [restartedMain] Condition evaluation unchanged
2022-10-04 17:18:13,520 INFO org.apache.juli.logging.DirectJDKLog [http-nio-8080-exec-1] Initializing Spring DispatcherServlet 'dispatcherServlet'
2022-10-04 17:18:13,532 INFO org.springframework.web.servlet.FrameworkServlet [http-nio-8080-exec-1] Initializing Servlet 'dispatcherServlet'
2022-10-04 17:18:13,533 INFO org.springframework.web.servlet.FrameworkServlet [http-nio-8080-exec-1] Completed initialization in 1 ms
2022-10-04 17:19:40,013 INFO org.springframework.boot.devtools.autoconfigure.LocalDevToolsAutoConfiguration$RestartingClassPathChangeChangedEventListener [File Watcher] Restarting due to 1 class path change (0 additions, 0 deletions, 1 modification)
2022-10-04 17:19:40,038 INFO org.apache.juli.logging.DirectJDKLog [Thread-7] Pausing ProtocolHandler ["http-nio-8080"]
2022-10-04 17:19:40,038 INFO org.apache.juli.logging.DirectJDKLog [Thread-7] Stopping service [Tomcat]
2022-10-04 17:19:40,040 INFO org.apache.juli.logging.DirectJDKLog [Thread-7] Destroying Spring FrameworkServlet 'dispatcherServlet'
2022-10-04 17:19:40,058 INFO org.apache.juli.logging.DirectJDKLog [Thread-7] Stopping ProtocolHandler ["http-nio-8080"]
2022-10-04 17:19:40,066 INFO org.apache.juli.logging.DirectJDKLog [Thread-7] Destroying ProtocolHandler ["http-nio-8080"]
2022-10-04 17:19:40,076 INFO org.springframework.orm.jpa.AbstractEntityManagerFactoryBean [Thread-7] Closing JPA EntityManagerFactory for persistence unit 'default'
2022-10-04 17:19:40,080 INFO com.zaxxer.hikari.HikariDataSource [Thread-7] HikariPool-2 - Shutdown initiated...
2022-10-04 17:19:40,098 INFO com.zaxxer.hikari.HikariDataSource [Thread-7] HikariPool-2 - Shutdown completed.
2022-10-04 17:19:40,595 INFO org.springframework.boot.StartupInfoLogger [restartedMain] Starting ReportAnalyticsApplication using Java 17.0.2 on Chittaranjans-MacBook-Pro.local with PID 49258 (/Users/chittaranjan/Desktop/Projects/Generic Report/workspaces/ws-1/wns-report-analytics/target/classes started by chittaranjan in /Users/chittaranjan/Desktop/Projects/Generic Report/workspaces/ws-1/wns-report-analytics)
2022-10-04 17:19:40,596 INFO org.springframework.boot.SpringApplication [restartedMain] No active profile set, falling back to 1 default profile: "default"
2022-10-04 17:19:40,913 INFO org.springframework.data.repository.config.RepositoryConfigurationDelegate [restartedMain] Bootstrapping Spring Data JPA repositories in DEFAULT mode.
2022-10-04 17:19:40,970 INFO org.springframework.data.repository.config.RepositoryConfigurationDelegate [restartedMain] Finished Spring Data repository scanning in 56 ms. Found 6 JPA repository interfaces.
2022-10-04 17:19:41,264 INFO org.springframework.boot.web.embedded.tomcat.TomcatWebServer [restartedMain] Tomcat initialized with port(s): 8080 (http)
2022-10-04 17:19:41,267 INFO org.apache.juli.logging.DirectJDKLog [restartedMain] Initializing ProtocolHandler ["http-nio-8080"]
2022-10-04 17:19:41,267 INFO org.apache.juli.logging.DirectJDKLog [restartedMain] Starting service [Tomcat]
2022-10-04 17:19:41,267 INFO org.apache.juli.logging.DirectJDKLog [restartedMain] Starting Servlet engine: [Apache Tomcat/9.0.65]
2022-10-04 17:19:41,440 INFO org.apache.juli.logging.DirectJDKLog [restartedMain] At least one JAR was scanned for TLDs yet contained no TLDs. Enable debug logging for this logger for a complete list of JARs that were scanned but no TLDs were found in them. Skipping unneeded JARs during scanning can improve startup time and JSP compilation time.
2022-10-04 17:19:41,448 INFO org.apache.juli.logging.DirectJDKLog [restartedMain] Initializing Spring embedded WebApplicationContext
2022-10-04 17:19:41,448 INFO org.springframework.boot.web.servlet.context.ServletWebServerApplicationContext [restartedMain] Root WebApplicationContext: initialization completed in 835 ms
2022-10-04 17:19:41,595 INFO org.hibernate.jpa.internal.util.LogHelper [restartedMain] HHH000204: Processing PersistenceUnitInfo [name: default]
2022-10-04 17:19:41,615 INFO com.zaxxer.hikari.HikariDataSource [restartedMain] HikariPool-3 - Starting...
2022-10-04 17:19:41,910 INFO com.zaxxer.hikari.HikariDataSource [restartedMain] HikariPool-3 - Start completed.
2022-10-04 17:19:41,913 INFO org.hibernate.dialect.Dialect [restartedMain] HHH000400: Using dialect: org.hibernate.dialect.SQLServer2012Dialect
2022-10-04 17:19:42,964 INFO org.hibernate.engine.transaction.jta.platform.internal.JtaPlatformInitiator [restartedMain] HHH000490: Using JtaPlatform implementation: [org.hibernate.engine.transaction.jta.platform.internal.NoJtaPlatform]
2022-10-04 17:19:42,965 INFO org.springframework.orm.jpa.AbstractEntityManagerFactoryBean [restartedMain] Initialized JPA EntityManagerFactory for persistence unit 'default'
2022-10-04 17:19:43,940 INFO org.springframework.boot.devtools.autoconfigure.OptionalLiveReloadServer [restartedMain] LiveReload server is running on port 35729
2022-10-04 17:19:43,963 INFO org.apache.juli.logging.DirectJDKLog [restartedMain] Starting ProtocolHandler ["http-nio-8080"]
2022-10-04 17:19:43,974 INFO org.springframework.boot.web.embedded.tomcat.TomcatWebServer [restartedMain] Tomcat started on port(s): 8080 (http) with context path ''
2022-10-04 17:19:43,981 INFO org.springframework.boot.StartupInfoLogger [restartedMain] Started ReportAnalyticsApplication in 3.595 seconds (JVM running for 245.201)
2022-10-04 17:19:43,987 INFO org.springframework.boot.devtools.autoconfigure.ConditionEvaluationDeltaLoggingListener [restartedMain] Condition evaluation unchanged
2022-10-04 17:21:52,270 INFO org.springframework.boot.devtools.autoconfigure.LocalDevToolsAutoConfiguration$RestartingClassPathChangeChangedEventListener [File Watcher] Restarting due to 1 class path change (1 addition, 0 deletions, 0 modifications)
2022-10-04 17:21:52,295 INFO org.apache.juli.logging.DirectJDKLog [Thread-11] Pausing ProtocolHandler ["http-nio-8080"]
2022-10-04 17:21:52,299 INFO org.apache.juli.logging.DirectJDKLog [Thread-11] Stopping service [Tomcat]
2022-10-04 17:21:52,320 INFO org.apache.juli.logging.DirectJDKLog [Thread-11] Stopping ProtocolHandler ["http-nio-8080"]
2022-10-04 17:21:52,324 INFO org.apache.juli.logging.DirectJDKLog [Thread-11] Destroying ProtocolHandler ["http-nio-8080"]
2022-10-04 17:21:52,329 INFO org.springframework.orm.jpa.AbstractEntityManagerFactoryBean [Thread-11] Closing JPA EntityManagerFactory for persistence unit 'default'
2022-10-04 17:21:52,335 INFO com.zaxxer.hikari.HikariDataSource [Thread-11] HikariPool-3 - Shutdown initiated...
2022-10-04 17:21:52,341 INFO com.zaxxer.hikari.HikariDataSource [Thread-11] HikariPool-3 - Shutdown completed.
2022-10-04 17:21:52,762 INFO org.springframework.boot.StartupInfoLogger [restartedMain] Starting ReportAnalyticsApplication using Java 17.0.2 on Chittaranjans-MacBook-Pro.local with PID 49258 (/Users/chittaranjan/Desktop/Projects/Generic Report/workspaces/ws-1/wns-report-analytics/target/classes started by chittaranjan in /Users/chittaranjan/Desktop/Projects/Generic Report/workspaces/ws-1/wns-report-analytics)
2022-10-04 17:21:52,764 INFO org.springframework.boot.SpringApplication [restartedMain] No active profile set, falling back to 1 default profile: "default"
2022-10-04 17:21:53,064 INFO org.springframework.data.repository.config.RepositoryConfigurationDelegate [restartedMain] Bootstrapping Spring Data JPA repositories in DEFAULT mode.
2022-10-04 17:21:53,103 INFO org.springframework.data.repository.config.RepositoryConfigurationDelegate [restartedMain] Finished Spring Data repository scanning in 36 ms. Found 6 JPA repository interfaces.
2022-10-04 17:21:53,386 INFO org.springframework.boot.web.embedded.tomcat.TomcatWebServer [restartedMain] Tomcat initialized with port(s): 8080 (http)
2022-10-04 17:21:53,388 INFO org.apache.juli.logging.DirectJDKLog [restartedMain] Initializing ProtocolHandler ["http-nio-8080"]
2022-10-04 17:21:53,389 INFO org.apache.juli.logging.DirectJDKLog [restartedMain] Starting service [Tomcat]
2022-10-04 17:21:53,390 INFO org.apache.juli.logging.DirectJDKLog [restartedMain] Starting Servlet engine: [Apache Tomcat/9.0.65]
2022-10-04 17:21:53,597 INFO org.apache.juli.logging.DirectJDKLog [restartedMain] At least one JAR was scanned for TLDs yet contained no TLDs. Enable debug logging for this logger for a complete list of JARs that were scanned but no TLDs were found in them. Skipping unneeded JARs during scanning can improve startup time and JSP compilation time.
2022-10-04 17:21:53,605 INFO org.apache.juli.logging.DirectJDKLog [restartedMain] Initializing Spring embedded WebApplicationContext
2022-10-04 17:21:53,606 INFO org.springframework.boot.web.servlet.context.ServletWebServerApplicationContext [restartedMain] Root WebApplicationContext: initialization completed in 825 ms
2022-10-04 17:21:53,745 INFO org.hibernate.jpa.internal.util.LogHelper [restartedMain] HHH000204: Processing PersistenceUnitInfo [name: default]
2022-10-04 17:21:53,757 INFO com.zaxxer.hikari.HikariDataSource [restartedMain] HikariPool-4 - Starting...
2022-10-04 17:21:54,040 INFO com.zaxxer.hikari.HikariDataSource [restartedMain] HikariPool-4 - Start completed.
2022-10-04 17:21:54,041 INFO org.hibernate.dialect.Dialect [restartedMain] HHH000400: Using dialect: org.hibernate.dialect.SQLServer2012Dialect
2022-10-04 17:21:55,095 INFO org.hibernate.engine.transaction.jta.platform.internal.JtaPlatformInitiator [restartedMain] HHH000490: Using JtaPlatform implementation: [org.hibernate.engine.transaction.jta.platform.internal.NoJtaPlatform]
2022-10-04 17:21:55,101 INFO org.springframework.orm.jpa.AbstractEntityManagerFactoryBean [restartedMain] Initialized JPA EntityManagerFactory for persistence unit 'default'
2022-10-04 17:21:55,732 INFO org.springframework.boot.devtools.autoconfigure.OptionalLiveReloadServer [restartedMain] LiveReload server is running on port 35729
2022-10-04 17:21:55,743 INFO org.apache.juli.logging.DirectJDKLog [restartedMain] Starting ProtocolHandler ["http-nio-8080"]
2022-10-04 17:21:55,748 INFO org.springframework.boot.web.embedded.tomcat.TomcatWebServer [restartedMain] Tomcat started on port(s): 8080 (http) with context path ''
2022-10-04 17:21:55,755 INFO org.springframework.boot.StartupInfoLogger [restartedMain] Started ReportAnalyticsApplication in 3.201 seconds (JVM running for 376.975)
2022-10-04 17:21:55,760 INFO org.springframework.boot.devtools.autoconfigure.ConditionEvaluationDeltaLoggingListener [restartedMain] Condition evaluation unchanged
2022-10-04 17:22:02,238 INFO org.springframework.boot.devtools.autoconfigure.LocalDevToolsAutoConfiguration$RestartingClassPathChangeChangedEventListener [File Watcher] Restarting due to 1 class path change (0 additions, 0 deletions, 1 modification)
2022-10-04 17:22:02,254 INFO org.apache.juli.logging.DirectJDKLog [Thread-15] Pausing ProtocolHandler ["http-nio-8080"]
2022-10-04 17:22:02,257 INFO org.apache.juli.logging.DirectJDKLog [Thread-15] Stopping service [Tomcat]
2022-10-04 17:22:02,264 INFO org.apache.juli.logging.DirectJDKLog [Thread-15] Stopping ProtocolHandler ["http-nio-8080"]
2022-10-04 17:22:02,267 INFO org.apache.juli.logging.DirectJDKLog [Thread-15] Destroying ProtocolHandler ["http-nio-8080"]
2022-10-04 17:22:02,272 INFO org.springframework.orm.jpa.AbstractEntityManagerFactoryBean [Thread-15] Closing JPA EntityManagerFactory for persistence unit 'default'
2022-10-04 17:22:02,273 INFO com.zaxxer.hikari.HikariDataSource [Thread-15] HikariPool-4 - Shutdown initiated...
2022-10-04 17:22:02,282 INFO com.zaxxer.hikari.HikariDataSource [Thread-15] HikariPool-4 - Shutdown completed.
2022-10-04 17:22:02,623 INFO org.springframework.boot.StartupInfoLogger [restartedMain] Starting ReportAnalyticsApplication using Java 17.0.2 on Chittaranjans-MacBook-Pro.local with PID 49258 (/Users/chittaranjan/Desktop/Projects/Generic Report/workspaces/ws-1/wns-report-analytics/target/classes started by chittaranjan in /Users/chittaranjan/Desktop/Projects/Generic Report/workspaces/ws-1/wns-report-analytics)
2022-10-04 17:22:02,626 INFO org.springframework.boot.SpringApplication [restartedMain] No active profile set, falling back to 1 default profile: "default"
2022-10-04 17:22:02,863 INFO org.springframework.data.repository.config.RepositoryConfigurationDelegate [restartedMain] Bootstrapping Spring Data JPA repositories in DEFAULT mode.
2022-10-04 17:22:02,895 INFO org.springframework.data.repository.config.RepositoryConfigurationDelegate [restartedMain] Finished Spring Data repository scanning in 31 ms. Found 6 JPA repository interfaces.
2022-10-04 17:22:03,089 INFO org.springframework.boot.web.embedded.tomcat.TomcatWebServer [restartedMain] Tomcat initialized with port(s): 8080 (http)
2022-10-04 17:22:03,091 INFO org.apache.juli.logging.DirectJDKLog [restartedMain] Initializing ProtocolHandler ["http-nio-8080"]
2022-10-04 17:22:03,092 INFO org.apache.juli.logging.DirectJDKLog [restartedMain] Starting service [Tomcat]
2022-10-04 17:22:03,092 INFO org.apache.juli.logging.DirectJDKLog [restartedMain] Starting Servlet engine: [Apache Tomcat/9.0.65]
2022-10-04 17:22:03,215 INFO org.apache.juli.logging.DirectJDKLog [restartedMain] At least one JAR was scanned for TLDs yet contained no TLDs. Enable debug logging for this logger for a complete list of JARs that were scanned but no TLDs were found in them. Skipping unneeded JARs during scanning can improve startup time and JSP compilation time.
2022-10-04 17:22:03,218 INFO org.apache.juli.logging.DirectJDKLog [restartedMain] Initializing Spring embedded WebApplicationContext
2022-10-04 17:22:03,218 INFO org.springframework.boot.web.servlet.context.ServletWebServerApplicationContext [restartedMain] Root WebApplicationContext: initialization completed in 577 ms
2022-10-04 17:22:03,279 INFO org.hibernate.jpa.internal.util.LogHelper [restartedMain] HHH000204: Processing PersistenceUnitInfo [name: default]
2022-10-04 17:22:03,288 INFO com.zaxxer.hikari.HikariDataSource [restartedMain] HikariPool-5 - Starting...
2022-10-04 17:22:03,567 INFO com.zaxxer.hikari.HikariDataSource [restartedMain] HikariPool-5 - Start completed.
2022-10-04 17:22:03,568 INFO org.hibernate.dialect.Dialect [restartedMain] HHH000400: Using dialect: org.hibernate.dialect.SQLServer2012Dialect
2022-10-04 17:22:04,489 INFO org.hibernate.engine.transaction.jta.platform.internal.JtaPlatformInitiator [restartedMain] HHH000490: Using JtaPlatform implementation: [org.hibernate.engine.transaction.jta.platform.internal.NoJtaPlatform]
2022-10-04 17:22:04,503 INFO org.springframework.orm.jpa.AbstractEntityManagerFactoryBean [restartedMain] Initialized JPA EntityManagerFactory for persistence unit 'default'
2022-10-04 17:22:05,682 INFO org.springframework.boot.devtools.autoconfigure.OptionalLiveReloadServer [restartedMain] LiveReload server is running on port 35729
2022-10-04 17:22:05,704 INFO org.apache.juli.logging.DirectJDKLog [restartedMain] Starting ProtocolHandler ["http-nio-8080"]
2022-10-04 17:22:05,715 INFO org.springframework.boot.web.embedded.tomcat.TomcatWebServer [restartedMain] Tomcat started on port(s): 8080 (http) with context path ''
2022-10-04 17:22:05,726 INFO org.springframework.boot.StartupInfoLogger [restartedMain] Started ReportAnalyticsApplication in 3.284 seconds (JVM running for 386.946)
2022-10-04 17:22:05,731 INFO org.springframework.boot.devtools.autoconfigure.ConditionEvaluationDeltaLoggingListener [restartedMain] Condition evaluation unchanged
2022-10-04 17:22:10,159 INFO org.springframework.boot.devtools.autoconfigure.LocalDevToolsAutoConfiguration$RestartingClassPathChangeChangedEventListener [File Watcher] Restarting due to 1 class path change (0 additions, 0 deletions, 1 modification)
2022-10-04 17:22:10,170 INFO org.apache.juli.logging.DirectJDKLog [Thread-19] Pausing ProtocolHandler ["http-nio-8080"]
2022-10-04 17:22:10,171 INFO org.apache.juli.logging.DirectJDKLog [Thread-19] Stopping service [Tomcat]
2022-10-04 17:22:10,184 INFO org.apache.juli.logging.DirectJDKLog [Thread-19] Stopping ProtocolHandler ["http-nio-8080"]
2022-10-04 17:22:10,186 INFO org.apache.juli.logging.DirectJDKLog [Thread-19] Destroying ProtocolHandler ["http-nio-8080"]
2022-10-04 17:22:10,190 INFO org.springframework.orm.jpa.AbstractEntityManagerFactoryBean [Thread-19] Closing JPA EntityManagerFactory for persistence unit 'default'
2022-10-04 17:22:10,191 INFO com.zaxxer.hikari.HikariDataSource [Thread-19] HikariPool-5 - Shutdown initiated...
2022-10-04 17:22:10,199 INFO com.zaxxer.hikari.HikariDataSource [Thread-19] HikariPool-5 - Shutdown completed.
2022-10-04 17:22:10,523 INFO org.springframework.boot.StartupInfoLogger [restartedMain] Starting ReportAnalyticsApplication using Java 17.0.2 on Chittaranjans-MacBook-Pro.local with PID 49258 (/Users/chittaranjan/Desktop/Projects/Generic Report/workspaces/ws-1/wns-report-analytics/target/classes started by chittaranjan in /Users/chittaranjan/Desktop/Projects/Generic Report/workspaces/ws-1/wns-report-analytics)
2022-10-04 17:22:10,526 INFO org.springframework.boot.SpringApplication [restartedMain] No active profile set, falling back to 1 default profile: "default"
2022-10-04 17:22:10,764 INFO org.springframework.data.repository.config.RepositoryConfigurationDelegate [restartedMain] Bootstrapping Spring Data JPA repositories in DEFAULT mode.
2022-10-04 17:22:10,800 INFO org.springframework.data.repository.config.RepositoryConfigurationDelegate [restartedMain] Finished Spring Data repository scanning in 35 ms. Found 6 JPA repository interfaces.
2022-10-04 17:22:11,028 INFO org.springframework.boot.web.embedded.tomcat.TomcatWebServer [restartedMain] Tomcat initialized with port(s): 8080 (http)
2022-10-04 17:22:11,029 INFO org.apache.juli.logging.DirectJDKLog [restartedMain] Initializing ProtocolHandler ["http-nio-8080"]
2022-10-04 17:22:11,030 INFO org.apache.juli.logging.DirectJDKLog [restartedMain] Starting service [Tomcat]
2022-10-04 17:22:11,030 INFO org.apache.juli.logging.DirectJDKLog [restartedMain] Starting Servlet engine: [Apache Tomcat/9.0.65]
2022-10-04 17:22:11,222 INFO org.apache.juli.logging.DirectJDKLog [restartedMain] At least one JAR was scanned for TLDs yet contained no TLDs. Enable debug logging for this logger for a complete list of JARs that were scanned but no TLDs were found in them. Skipping unneeded JARs during scanning can improve startup time and JSP compilation time.
2022-10-04 17:22:11,235 INFO org.apache.juli.logging.DirectJDKLog [restartedMain] Initializing Spring embedded WebApplicationContext
2022-10-04 17:22:11,235 INFO org.springframework.boot.web.servlet.context.ServletWebServerApplicationContext [restartedMain] Root WebApplicationContext: initialization completed in 692 ms
2022-10-04 17:22:11,376 INFO org.hibernate.jpa.internal.util.LogHelper [restartedMain] HHH000204: Processing PersistenceUnitInfo [name: default]
2022-10-04 17:22:11,390 INFO com.zaxxer.hikari.HikariDataSource [restartedMain] HikariPool-6 - Starting...
2022-10-04 17:22:11,717 INFO com.zaxxer.hikari.HikariDataSource [restartedMain] HikariPool-6 - Start completed.
2022-10-04 17:22:11,718 INFO org.hibernate.dialect.Dialect [restartedMain] HHH000400: Using dialect: org.hibernate.dialect.SQLServer2012Dialect
2022-10-04 17:22:12,761 INFO org.hibernate.engine.transaction.jta.platform.internal.JtaPlatformInitiator [restartedMain] HHH000490: Using JtaPlatform implementation: [org.hibernate.engine.transaction.jta.platform.internal.NoJtaPlatform]
2022-10-04 17:22:12,762 INFO org.springframework.orm.jpa.AbstractEntityManagerFactoryBean [restartedMain] Initialized JPA EntityManagerFactory for persistence unit 'default'
2022-10-04 17:22:13,230 INFO org.springframework.boot.devtools.autoconfigure.OptionalLiveReloadServer [restartedMain] LiveReload server is running on port 35729
2022-10-04 17:22:13,244 INFO org.apache.juli.logging.DirectJDKLog [restartedMain] Starting ProtocolHandler ["http-nio-8080"]
2022-10-04 17:22:13,251 INFO org.springframework.boot.web.embedded.tomcat.TomcatWebServer [restartedMain] Tomcat started on port(s): 8080 (http) with context path ''
2022-10-04 17:22:13,261 INFO org.springframework.boot.StartupInfoLogger [restartedMain] Started ReportAnalyticsApplication in 2.926 seconds (JVM running for 394.481)
2022-10-04 17:22:13,269 INFO org.springframework.boot.devtools.autoconfigure.ConditionEvaluationDeltaLoggingListener [restartedMain] Condition evaluation unchanged
2022-10-04 17:22:16,682 INFO org.springframework.boot.devtools.autoconfigure.LocalDevToolsAutoConfiguration$RestartingClassPathChangeChangedEventListener [File Watcher] Restarting due to 1 class path change (0 additions, 0 deletions, 1 modification)
2022-10-04 17:22:16,693 INFO org.apache.juli.logging.DirectJDKLog [Thread-23] Pausing ProtocolHandler ["http-nio-8080"]
2022-10-04 17:22:16,693 INFO org.apache.juli.logging.DirectJDKLog [Thread-23] Stopping service [Tomcat]
2022-10-04 17:22:16,700 INFO org.apache.juli.logging.DirectJDKLog [Thread-23] Stopping ProtocolHandler ["http-nio-8080"]
2022-10-04 17:22:16,701 INFO org.apache.juli.logging.DirectJDKLog [Thread-23] Destroying ProtocolHandler ["http-nio-8080"]
2022-10-04 17:22:16,704 INFO org.springframework.orm.jpa.AbstractEntityManagerFactoryBean [Thread-23] Closing JPA EntityManagerFactory for persistence unit 'default'
2022-10-04 17:22:16,705 INFO com.zaxxer.hikari.HikariDataSource [Thread-23] HikariPool-6 - Shutdown initiated...
2022-10-04 17:22:16,712 INFO com.zaxxer.hikari.HikariDataSource [Thread-23] HikariPool-6 - Shutdown completed.
2022-10-04 17:22:17,070 INFO org.springframework.boot.StartupInfoLogger [restartedMain] Starting ReportAnalyticsApplication using Java 17.0.2 on Chittaranjans-MacBook-Pro.local with PID 49258 (/Users/chittaranjan/Desktop/Projects/Generic Report/workspaces/ws-1/wns-report-analytics/target/classes started by chittaranjan in /Users/chittaranjan/Desktop/Projects/Generic Report/workspaces/ws-1/wns-report-analytics)
2022-10-04 17:22:17,074 INFO org.springframework.boot.SpringApplication [restartedMain] No active profile set, falling back to 1 default profile: "default"
2022-10-04 17:22:17,313 INFO org.springframework.data.repository.config.RepositoryConfigurationDelegate [restartedMain] Bootstrapping Spring Data JPA repositories in DEFAULT mode.
2022-10-04 17:22:17,352 INFO org.springframework.data.repository.config.RepositoryConfigurationDelegate [restartedMain] Finished Spring Data repository scanning in 36 ms. Found 6 JPA repository interfaces.
2022-10-04 17:22:17,550 INFO org.springframework.boot.web.embedded.tomcat.TomcatWebServer [restartedMain] Tomcat initialized with port(s): 8080 (http)
2022-10-04 17:22:17,554 INFO org.apache.juli.logging.DirectJDKLog [restartedMain] Initializing ProtocolHandler ["http-nio-8080"]
2022-10-04 17:22:17,556 INFO org.apache.juli.logging.DirectJDKLog [restartedMain] Starting service [Tomcat]
2022-10-04 17:22:17,556 INFO org.apache.juli.logging.DirectJDKLog [restartedMain] Starting Servlet engine: [Apache Tomcat/9.0.65]
2022-10-04 17:22:17,637 INFO org.apache.juli.logging.DirectJDKLog [restartedMain] At least one JAR was scanned for TLDs yet contained no TLDs. Enable debug logging for this logger for a complete list of JARs that were scanned but no TLDs were found in them. Skipping unneeded JARs during scanning can improve startup time and JSP compilation time.
2022-10-04 17:22:17,639 INFO org.apache.juli.logging.DirectJDKLog [restartedMain] Initializing Spring embedded WebApplicationContext
2022-10-04 17:22:17,639 INFO org.springframework.boot.web.servlet.context.ServletWebServerApplicationContext [restartedMain] Root WebApplicationContext: initialization completed in 552 ms
2022-10-04 17:22:17,688 INFO org.hibernate.jpa.internal.util.LogHelper [restartedMain] HHH000204: Processing PersistenceUnitInfo [name: default]
2022-10-04 17:22:17,774 INFO com.zaxxer.hikari.HikariDataSource [restartedMain] HikariPool-7 - Starting...
2022-10-04 17:22:18,072 INFO com.zaxxer.hikari.HikariDataSource [restartedMain] HikariPool-7 - Start completed.
2022-10-04 17:22:18,076 INFO org.hibernate.dialect.Dialect [restartedMain] HHH000400: Using dialect: org.hibernate.dialect.SQLServer2012Dialect
2022-10-04 17:22:18,979 INFO org.hibernate.engine.transaction.jta.platform.internal.JtaPlatformInitiator [restartedMain] HHH000490: Using JtaPlatform implementation: [org.hibernate.engine.transaction.jta.platform.internal.NoJtaPlatform]
2022-10-04 17:22:18,982 INFO org.springframework.orm.jpa.AbstractEntityManagerFactoryBean [restartedMain] Initialized JPA EntityManagerFactory for persistence unit 'default'
2022-10-04 17:22:19,497 INFO org.springframework.boot.devtools.autoconfigure.OptionalLiveReloadServer [restartedMain] LiveReload server is running on port 35729
2022-10-04 17:22:19,504 INFO org.apache.juli.logging.DirectJDKLog [restartedMain] Starting ProtocolHandler ["http-nio-8080"]
2022-10-04 17:22:19,512 INFO org.springframework.boot.web.embedded.tomcat.TomcatWebServer [restartedMain] Tomcat started on port(s): 8080 (http) with context path ''
2022-10-04 17:22:19,519 INFO org.springframework.boot.StartupInfoLogger [restartedMain] Started ReportAnalyticsApplication in 2.641 seconds (JVM running for 400.739)
2022-10-04 17:22:19,525 INFO org.springframework.boot.devtools.autoconfigure.ConditionEvaluationDeltaLoggingListener [restartedMain] Condition evaluation unchanged
2022-10-04 17:22:21,946 INFO org.springframework.boot.devtools.autoconfigure.LocalDevToolsAutoConfiguration$RestartingClassPathChangeChangedEventListener [File Watcher] Restarting due to 1 class path change (0 additions, 0 deletions, 1 modification)
2022-10-04 17:22:21,961 INFO org.apache.juli.logging.DirectJDKLog [Thread-27] Pausing ProtocolHandler ["http-nio-8080"]
2022-10-04 17:22:21,962 INFO org.apache.juli.logging.DirectJDKLog [Thread-27] Stopping service [Tomcat]
2022-10-04 17:22:21,974 INFO org.apache.juli.logging.DirectJDKLog [Thread-27] Stopping ProtocolHandler ["http-nio-8080"]
2022-10-04 17:22:21,976 INFO org.apache.juli.logging.DirectJDKLog [Thread-27] Destroying ProtocolHandler ["http-nio-8080"]
2022-10-04 17:22:21,989 INFO org.springframework.orm.jpa.AbstractEntityManagerFactoryBean [Thread-27] Closing JPA EntityManagerFactory for persistence unit 'default'
2022-10-04 17:22:21,991 INFO com.zaxxer.hikari.HikariDataSource [Thread-27] HikariPool-7 - Shutdown initiated...
2022-10-04 17:22:21,997 INFO com.zaxxer.hikari.HikariDataSource [Thread-27] HikariPool-7 - Shutdown completed.
2022-10-04 17:22:22,331 INFO org.springframework.boot.StartupInfoLogger [restartedMain] Starting ReportAnalyticsApplication using Java 17.0.2 on Chittaranjans-MacBook-Pro.local with PID 49258 (/Users/chittaranjan/Desktop/Projects/Generic Report/workspaces/ws-1/wns-report-analytics/target/classes started by chittaranjan in /Users/chittaranjan/Desktop/Projects/Generic Report/workspaces/ws-1/wns-report-analytics)
2022-10-04 17:22:22,334 INFO org.springframework.boot.SpringApplication [restartedMain] No active profile set, falling back to 1 default profile: "default"
2022-10-04 17:22:22,581 INFO org.springframework.data.repository.config.RepositoryConfigurationDelegate [restartedMain] Bootstrapping Spring Data JPA repositories in DEFAULT mode.
2022-10-04 17:22:22,621 INFO org.springframework.data.repository.config.RepositoryConfigurationDelegate [restartedMain] Finished Spring Data repository scanning in 39 ms. Found 6 JPA repository interfaces.
2022-10-04 17:22:22,778 INFO org.springframework.boot.web.embedded.tomcat.TomcatWebServer [restartedMain] Tomcat initialized with port(s): 8080 (http)
2022-10-04 17:22:22,780 INFO org.apache.juli.logging.DirectJDKLog [restartedMain] Initializing ProtocolHandler ["http-nio-8080"]
2022-10-04 17:22:22,782 INFO org.apache.juli.logging.DirectJDKLog [restartedMain] Starting service [Tomcat]
2022-10-04 17:22:22,782 INFO org.apache.juli.logging.DirectJDKLog [restartedMain] Starting Servlet engine: [Apache Tomcat/9.0.65]
2022-10-04 17:22:22,859 INFO org.apache.juli.logging.DirectJDKLog [restartedMain] At least one JAR was scanned for TLDs yet contained no TLDs. Enable debug logging for this logger for a complete list of JARs that were scanned but no TLDs were found in them. Skipping unneeded JARs during scanning can improve startup time and JSP compilation time.
2022-10-04 17:22:22,861 INFO org.apache.juli.logging.DirectJDKLog [restartedMain] Initializing Spring embedded WebApplicationContext
2022-10-04 17:22:22,861 INFO org.springframework.boot.web.servlet.context.ServletWebServerApplicationContext [restartedMain] Root WebApplicationContext: initialization completed in 515 ms
2022-10-04 17:22:22,925 INFO org.hibernate.jpa.internal.util.LogHelper [restartedMain] HHH000204: Processing PersistenceUnitInfo [name: default]
2022-10-04 17:22:22,935 INFO com.zaxxer.hikari.HikariDataSource [restartedMain] HikariPool-8 - Starting...
2022-10-04 17:22:23,212 INFO com.zaxxer.hikari.HikariDataSource [restartedMain] HikariPool-8 - Start completed.
2022-10-04 17:22:23,213 INFO org.hibernate.dialect.Dialect [restartedMain] HHH000400: Using dialect: org.hibernate.dialect.SQLServer2012Dialect
2022-10-04 17:22:24,107 INFO org.hibernate.engine.transaction.jta.platform.internal.JtaPlatformInitiator [restartedMain] HHH000490: Using JtaPlatform implementation: [org.hibernate.engine.transaction.jta.platform.internal.NoJtaPlatform]
2022-10-04 17:22:24,108 INFO org.springframework.orm.jpa.AbstractEntityManagerFactoryBean [restartedMain] Initialized JPA EntityManagerFactory for persistence unit 'default'
2022-10-04 17:22:24,495 INFO org.springframework.boot.devtools.autoconfigure.OptionalLiveReloadServer [restartedMain] LiveReload server is running on port 35729
2022-10-04 17:22:24,500 INFO org.apache.juli.logging.DirectJDKLog [restartedMain] Starting ProtocolHandler ["http-nio-8080"]
2022-10-04 17:22:24,506 INFO org.springframework.boot.web.embedded.tomcat.TomcatWebServer [restartedMain] Tomcat started on port(s): 8080 (http) with context path ''
2022-10-04 17:22:24,512 INFO org.springframework.boot.StartupInfoLogger [restartedMain] Started ReportAnalyticsApplication in 2.353 seconds (JVM running for 405.732)
2022-10-04 17:22:24,517 INFO org.springframework.boot.devtools.autoconfigure.ConditionEvaluationDeltaLoggingListener [restartedMain] Condition evaluation unchanged
2022-10-04 17:22:39,674 INFO org.apache.juli.logging.DirectJDKLog [http-nio-8080-exec-1] Initializing Spring DispatcherServlet 'dispatcherServlet'
2022-10-04 17:22:39,675 INFO org.springframework.web.servlet.FrameworkServlet [http-nio-8080-exec-1] Initializing Servlet 'dispatcherServlet'
2022-10-04 17:22:39,679 INFO org.springframework.web.servlet.FrameworkServlet [http-nio-8080-exec-1] Completed initialization in 3 ms
2022-10-04 17:22:39,709 ERROR com.reportanalytics.services.IvrSurveyImpl [http-nio-8080-exec-1] Erro while retriving ivr survey data : java.lang.NullPointerException: Cannot invoke "String.length()" because "text" is null
2022-10-04 17:23:25,749 INFO org.springframework.boot.devtools.autoconfigure.LocalDevToolsAutoConfiguration$RestartingClassPathChangeChangedEventListener [File Watcher] Restarting due to 1 class path change (0 additions, 0 deletions, 1 modification)
2022-10-04 17:23:25,781 INFO org.apache.juli.logging.DirectJDKLog [Thread-31] Pausing ProtocolHandler ["http-nio-8080"]
2022-10-04 17:23:25,782 INFO org.apache.juli.logging.DirectJDKLog [Thread-31] Stopping service [Tomcat]
2022-10-04 17:23:25,784 INFO org.apache.juli.logging.DirectJDKLog [Thread-31] Destroying Spring FrameworkServlet 'dispatcherServlet'
2022-10-04 17:23:25,792 INFO org.apache.juli.logging.DirectJDKLog [Thread-31] Stopping ProtocolHandler ["http-nio-8080"]
2022-10-04 17:23:25,795 INFO org.apache.juli.logging.DirectJDKLog [Thread-31] Destroying ProtocolHandler ["http-nio-8080"]
2022-10-04 17:23:25,799 INFO org.springframework.orm.jpa.AbstractEntityManagerFactoryBean [Thread-31] Closing JPA EntityManagerFactory for persistence unit 'default'
2022-10-04 17:23:25,802 INFO com.zaxxer.hikari.HikariDataSource [Thread-31] HikariPool-8 - Shutdown initiated...
2022-10-04 17:23:25,814 INFO com.zaxxer.hikari.HikariDataSource [Thread-31] HikariPool-8 - Shutdown completed.
2022-10-04 17:23:26,224 INFO org.springframework.boot.StartupInfoLogger [restartedMain] Starting ReportAnalyticsApplication using Java 17.0.2 on Chittaranjans-MacBook-Pro.local with PID 49258 (/Users/chittaranjan/Desktop/Projects/Generic Report/workspaces/ws-1/wns-report-analytics/target/classes started by chittaranjan in /Users/chittaranjan/Desktop/Projects/Generic Report/workspaces/ws-1/wns-report-analytics)
2022-10-04 17:23:26,228 INFO org.springframework.boot.SpringApplication [restartedMain] No active profile set, falling back to 1 default profile: "default"
2022-10-04 17:23:26,497 INFO org.springframework.data.repository.config.RepositoryConfigurationDelegate [restartedMain] Bootstrapping Spring Data JPA repositories in DEFAULT mode.
2022-10-04 17:23:26,529 INFO org.springframework.data.repository.config.RepositoryConfigurationDelegate [restartedMain] Finished Spring Data repository scanning in 31 ms. Found 6 JPA repository interfaces.
2022-10-04 17:23:26,737 INFO org.springframework.boot.web.embedded.tomcat.TomcatWebServer [restartedMain] Tomcat initialized with port(s): 8080 (http)
2022-10-04 17:23:26,739 INFO org.apache.juli.logging.DirectJDKLog [restartedMain] Initializing ProtocolHandler ["http-nio-8080"]
2022-10-04 17:23:26,740 INFO org.apache.juli.logging.DirectJDKLog [restartedMain] Starting service [Tomcat]
2022-10-04 17:23:26,740 INFO org.apache.juli.logging.DirectJDKLog [restartedMain] Starting Servlet engine: [Apache Tomcat/9.0.65]
2022-10-04 17:23:26,833 INFO org.apache.juli.logging.DirectJDKLog [restartedMain] At least one JAR was scanned for TLDs yet contained no TLDs. Enable debug logging for this logger for a complete list of JARs that were scanned but no TLDs were found in them. Skipping unneeded JARs during scanning can improve startup time and JSP compilation time.
2022-10-04 17:23:26,835 INFO org.apache.juli.logging.DirectJDKLog [restartedMain] Initializing Spring embedded WebApplicationContext
2022-10-04 17:23:26,835 INFO org.springframework.boot.web.servlet.context.ServletWebServerApplicationContext [restartedMain] Root WebApplicationContext: initialization completed in 594 ms
2022-10-04 17:23:26,886 INFO org.hibernate.jpa.internal.util.LogHelper [restartedMain] HHH000204: Processing PersistenceUnitInfo [name: default]
2022-10-04 17:23:26,897 INFO com.zaxxer.hikari.HikariDataSource [restartedMain] HikariPool-9 - Starting...
2022-10-04 17:23:27,185 INFO com.zaxxer.hikari.HikariDataSource [restartedMain] HikariPool-9 - Start completed.
2022-10-04 17:23:27,186 INFO org.hibernate.dialect.Dialect [restartedMain] HHH000400: Using dialect: org.hibernate.dialect.SQLServer2012Dialect
2022-10-04 17:23:28,064 INFO org.hibernate.engine.transaction.jta.platform.internal.JtaPlatformInitiator [restartedMain] HHH000490: Using JtaPlatform implementation: [org.hibernate.engine.transaction.jta.platform.internal.NoJtaPlatform]
2022-10-04 17:23:28,067 INFO org.springframework.orm.jpa.AbstractEntityManagerFactoryBean [restartedMain] Initialized JPA EntityManagerFactory for persistence unit 'default'
2022-10-04 17:23:28,516 INFO org.springframework.boot.devtools.autoconfigure.OptionalLiveReloadServer [restartedMain] LiveReload server is running on port 35729
2022-10-04 17:23:28,538 INFO org.apache.juli.logging.DirectJDKLog [restartedMain] Starting ProtocolHandler ["http-nio-8080"]
2022-10-04 17:23:28,545 INFO org.springframework.boot.web.embedded.tomcat.TomcatWebServer [restartedMain] Tomcat started on port(s): 8080 (http) with context path ''
2022-10-04 17:23:28,555 INFO org.springframework.boot.StartupInfoLogger [restartedMain] Started ReportAnalyticsApplication in 2.523 seconds (JVM running for 469.775)
2022-10-04 17:23:28,565 INFO org.springframework.boot.devtools.autoconfigure.ConditionEvaluationDeltaLoggingListener [restartedMain] Condition evaluation unchanged
2022-10-04 17:23:32,755 INFO org.springframework.orm.jpa.AbstractEntityManagerFactoryBean [SpringApplicationShutdownHook] Closing JPA EntityManagerFactory for persistence unit 'default'
2022-10-04 17:23:32,756 INFO com.zaxxer.hikari.HikariDataSource [SpringApplicationShutdownHook] HikariPool-9 - Shutdown initiated...
2022-10-04 17:23:32,763 INFO com.zaxxer.hikari.HikariDataSource [SpringApplicationShutdownHook] HikariPool-9 - Shutdown completed.
2022-10-04 17:23:41,658 INFO org.springframework.boot.StartupInfoLogger [restartedMain] Starting ReportAnalyticsApplication using Java 17.0.2 on Chittaranjans-MacBook-Pro.local with PID 49434 (/Users/chittaranjan/Desktop/Projects/Generic Report/workspaces/ws-1/wns-report-analytics/target/classes started by chittaranjan in /Users/chittaranjan/Desktop/Projects/Generic Report/workspaces/ws-1/wns-report-analytics)
2022-10-04 17:23:41,670 INFO org.springframework.boot.SpringApplication [restartedMain] No active profile set, falling back to 1 default profile: "default"
2022-10-04 17:23:41,865 INFO org.springframework.boot.logging.DeferredLog [restartedMain] Devtools property defaults active! Set 'spring.devtools.add-properties' to 'false' to disable
2022-10-04 17:23:41,866 INFO org.springframework.boot.logging.DeferredLog [restartedMain] For additional web related logging consider setting the 'logging.level.web' property to 'DEBUG'
2022-10-04 17:23:42,942 INFO org.springframework.data.repository.config.RepositoryConfigurationDelegate [restartedMain] Bootstrapping Spring Data JPA repositories in DEFAULT mode.
2022-10-04 17:23:43,115 INFO org.springframework.data.repository.config.RepositoryConfigurationDelegate [restartedMain] Finished Spring Data repository scanning in 150 ms. Found 6 JPA repository interfaces.
2022-10-04 17:23:45,418 INFO org.springframework.boot.web.embedded.tomcat.TomcatWebServer [restartedMain] Tomcat initialized with port(s): 8080 (http)
2022-10-04 17:23:45,438 INFO org.apache.juli.logging.DirectJDKLog [restartedMain] Initializing ProtocolHandler ["http-nio-8080"]
2022-10-04 17:23:45,440 INFO org.apache.juli.logging.DirectJDKLog [restartedMain] Starting service [Tomcat]
2022-10-04 17:23:45,440 INFO org.apache.juli.logging.DirectJDKLog [restartedMain] Starting Servlet engine: [Apache Tomcat/9.0.65]
2022-10-04 17:23:45,895 INFO org.apache.juli.logging.DirectJDKLog [restartedMain] At least one JAR was scanned for TLDs yet contained no TLDs. Enable debug logging for this logger for a complete list of JARs that were scanned but no TLDs were found in them. Skipping unneeded JARs during scanning can improve startup time and JSP compilation time.
2022-10-04 17:23:45,925 INFO org.apache.juli.logging.DirectJDKLog [restartedMain] Initializing Spring embedded WebApplicationContext
2022-10-04 17:23:45,926 INFO org.springframework.boot.web.servlet.context.ServletWebServerApplicationContext [restartedMain] Root WebApplicationContext: initialization completed in 4060 ms
2022-10-04 17:23:46,392 INFO org.hibernate.jpa.internal.util.LogHelper [restartedMain] HHH000204: Processing PersistenceUnitInfo [name: default]
2022-10-04 17:23:46,460 INFO org.hibernate.Version [restartedMain] HHH000412: Hibernate ORM core version 5.6.10.Final
2022-10-04 17:23:46,674 INFO org.hibernate.annotations.common.reflection.java.JavaReflectionManager [restartedMain] HCANN000001: Hibernate Commons Annotations {5.1.2.Final}
2022-10-04 17:23:46,793 INFO com.zaxxer.hikari.HikariDataSource [restartedMain] HikariPool-1 - Starting...
2022-10-04 17:23:47,744 INFO com.zaxxer.hikari.HikariDataSource [restartedMain] HikariPool-1 - Start completed.
2022-10-04 17:23:47,829 INFO org.hibernate.dialect.Dialect [restartedMain] HHH000400: Using dialect: org.hibernate.dialect.SQLServer2012Dialect
2022-10-04 17:23:50,566 INFO org.hibernate.engine.transaction.jta.platform.internal.JtaPlatformInitiator [restartedMain] HHH000490: Using JtaPlatform implementation: [org.hibernate.engine.transaction.jta.platform.internal.NoJtaPlatform]
2022-10-04 17:23:50,590 INFO org.springframework.orm.jpa.AbstractEntityManagerFactoryBean [restartedMain] Initialized JPA EntityManagerFactory for persistence unit 'default'
2022-10-04 17:23:52,381 INFO org.springframework.boot.devtools.autoconfigure.OptionalLiveReloadServer [restartedMain] LiveReload server is running on port 35729
2022-10-04 17:23:52,406 INFO org.apache.juli.logging.DirectJDKLog [restartedMain] Starting ProtocolHandler ["http-nio-8080"]
2022-10-04 17:23:52,447 INFO org.springframework.boot.web.embedded.tomcat.TomcatWebServer [restartedMain] Tomcat started on port(s): 8080 (http) with context path ''
2022-10-04 17:23:52,474 INFO org.springframework.boot.StartupInfoLogger [restartedMain] Started ReportAnalyticsApplication in 11.793 seconds (JVM running for 13.715)
2022-10-04 17:24:02,117 INFO org.apache.juli.logging.DirectJDKLog [http-nio-8080-exec-1] Initializing Spring DispatcherServlet 'dispatcherServlet'
2022-10-04 17:24:02,119 INFO org.springframework.web.servlet.FrameworkServlet [http-nio-8080-exec-1] Initializing Servlet 'dispatcherServlet'
2022-10-04 17:24:02,134 INFO org.springframework.web.servlet.FrameworkServlet [http-nio-8080-exec-1] Completed initialization in 15 ms
2022-10-04 17:24:02,213 ERROR com.reportanalytics.services.IvrSurveyImpl [http-nio-8080-exec-1] Erro while retriving ivr survey data : java.lang.NullPointerException: Cannot invoke "String.length()" because "text" is null
2022-10-04 17:24:30,759 ERROR com.reportanalytics.services.IvrSurveyImpl [http-nio-8080-exec-7] Erro while retriving ivr survey data : java.lang.NullPointerException: Cannot invoke "String.length()" because "text" is null
2022-10-04 17:24:38,485 INFO org.springframework.boot.devtools.autoconfigure.LocalDevToolsAutoConfiguration$RestartingClassPathChangeChangedEventListener [File Watcher] Restarting due to 1 class path change (0 additions, 0 deletions, 1 modification)
2022-10-04 17:24:38,527 INFO org.apache.juli.logging.DirectJDKLog [Thread-5] Pausing ProtocolHandler ["http-nio-8080"]
2022-10-04 17:24:38,528 INFO org.apache.juli.logging.DirectJDKLog [Thread-5] Stopping service [Tomcat]
2022-10-04 17:24:38,532 INFO org.apache.juli.logging.DirectJDKLog [Thread-5] Destroying Spring FrameworkServlet 'dispatcherServlet'
2022-10-04 17:24:38,549 INFO org.apache.juli.logging.DirectJDKLog [Thread-5] Stopping ProtocolHandler ["http-nio-8080"]
2022-10-04 17:24:38,559 INFO org.apache.juli.logging.DirectJDKLog [Thread-5] Destroying ProtocolHandler ["http-nio-8080"]
2022-10-04 17:24:38,570 INFO org.springframework.orm.jpa.AbstractEntityManagerFactoryBean [Thread-5] Closing JPA EntityManagerFactory for persistence unit 'default'
2022-10-04 17:24:38,589 INFO com.zaxxer.hikari.HikariDataSource [Thread-5] HikariPool-1 - Shutdown initiated...
2022-10-04 17:24:38,601 INFO com.zaxxer.hikari.HikariDataSource [Thread-5] HikariPool-1 - Shutdown completed.
2022-10-04 17:24:39,095 INFO org.springframework.boot.StartupInfoLogger [restartedMain] Starting ReportAnalyticsApplication using Java 17.0.2 on Chittaranjans-MacBook-Pro.local with PID 49434 (/Users/chittaranjan/Desktop/Projects/Generic Report/workspaces/ws-1/wns-report-analytics/target/classes started by chittaranjan in /Users/chittaranjan/Desktop/Projects/Generic Report/workspaces/ws-1/wns-report-analytics)
2022-10-04 17:24:39,096 INFO org.springframework.boot.SpringApplication [restartedMain] No active profile set, falling back to 1 default profile: "default"
2022-10-04 17:24:39,523 INFO org.springframework.data.repository.config.RepositoryConfigurationDelegate [restartedMain] Bootstrapping Spring Data JPA repositories in DEFAULT mode.
2022-10-04 17:24:39,600 INFO org.springframework.data.repository.config.RepositoryConfigurationDelegate [restartedMain] Finished Spring Data repository scanning in 76 ms. Found 6 JPA repository interfaces.
2022-10-04 17:24:40,231 INFO org.springframework.boot.web.embedded.tomcat.TomcatWebServer [restartedMain] Tomcat initialized with port(s): 8080 (http)
2022-10-04 17:24:40,242 INFO org.apache.juli.logging.DirectJDKLog [restartedMain] Initializing ProtocolHandler ["http-nio-8080"]
2022-10-04 17:24:40,254 INFO org.apache.juli.logging.DirectJDKLog [restartedMain] Starting service [Tomcat]
2022-10-04 17:24:40,255 INFO org.apache.juli.logging.DirectJDKLog [restartedMain] Starting Servlet engine: [Apache Tomcat/9.0.65]
2022-10-04 17:24:40,518 INFO org.apache.juli.logging.DirectJDKLog [restartedMain] At least one JAR was scanned for TLDs yet contained no TLDs. Enable debug logging for this logger for a complete list of JARs that were scanned but no TLDs were found in them. Skipping unneeded JARs during scanning can improve startup time and JSP compilation time.
2022-10-04 17:24:40,523 INFO org.apache.juli.logging.DirectJDKLog [restartedMain] Initializing Spring embedded WebApplicationContext
2022-10-04 17:24:40,524 INFO org.springframework.boot.web.servlet.context.ServletWebServerApplicationContext [restartedMain] Root WebApplicationContext: initialization completed in 1411 ms
2022-10-04 17:24:40,631 INFO org.hibernate.jpa.internal.util.LogHelper [restartedMain] HHH000204: Processing PersistenceUnitInfo [name: default]
2022-10-04 17:24:40,640 INFO com.zaxxer.hikari.HikariDataSource [restartedMain] HikariPool-2 - Starting...
2022-10-04 17:24:40,930 INFO com.zaxxer.hikari.HikariDataSource [restartedMain] HikariPool-2 - Start completed.
2022-10-04 17:24:40,932 INFO org.hibernate.dialect.Dialect [restartedMain] HHH000400: Using dialect: org.hibernate.dialect.SQLServer2012Dialect
2022-10-04 17:24:42,237 INFO org.hibernate.engine.transaction.jta.platform.internal.JtaPlatformInitiator [restartedMain] HHH000490: Using JtaPlatform implementation: [org.hibernate.engine.transaction.jta.platform.internal.NoJtaPlatform]
2022-10-04 17:24:42,243 INFO org.springframework.orm.jpa.AbstractEntityManagerFactoryBean [restartedMain] Initialized JPA EntityManagerFactory for persistence unit 'default'
2022-10-04 17:24:43,405 INFO org.springframework.boot.devtools.autoconfigure.OptionalLiveReloadServer [restartedMain] LiveReload server is running on port 35729
2022-10-04 17:24:43,420 INFO org.apache.juli.logging.DirectJDKLog [restartedMain] Starting ProtocolHandler ["http-nio-8080"]
2022-10-04 17:24:43,428 INFO org.springframework.boot.web.embedded.tomcat.TomcatWebServer [restartedMain] Tomcat started on port(s): 8080 (http) with context path ''
2022-10-04 17:24:43,443 INFO org.springframework.boot.StartupInfoLogger [restartedMain] Started ReportAnalyticsApplication in 4.592 seconds (JVM running for 64.685)
2022-10-04 17:24:43,463 INFO org.springframework.boot.devtools.autoconfigure.ConditionEvaluationDeltaLoggingListener [restartedMain] Condition evaluation unchanged
2022-10-04 17:24:46,473 INFO org.apache.juli.logging.DirectJDKLog [http-nio-8080-exec-1] Initializing Spring DispatcherServlet 'dispatcherServlet'
2022-10-04 17:24:46,477 INFO org.springframework.web.servlet.FrameworkServlet [http-nio-8080-exec-1] Initializing Servlet 'dispatcherServlet'
2022-10-04 17:24:46,482 INFO org.springframework.web.servlet.FrameworkServlet [http-nio-8080-exec-1] Completed initialization in 4 ms
2022-10-04 17:24:50,574 ERROR com.reportanalytics.services.IvrSurveyImpl [http-nio-8080-exec-1] Erro while retriving ivr survey data : java.lang.NullPointerException: Cannot invoke "String.length()" because "text" is null
2022-10-04 17:25:47,658 INFO org.springframework.boot.devtools.autoconfigure.LocalDevToolsAutoConfiguration$RestartingClassPathChangeChangedEventListener [File Watcher] Restarting due to 1 class path change (0 additions, 0 deletions, 1 modification)
2022-10-04 17:25:47,692 INFO org.apache.juli.logging.DirectJDKLog [Thread-7] Pausing ProtocolHandler ["http-nio-8080"]
2022-10-04 17:25:47,693 INFO org.apache.juli.logging.DirectJDKLog [Thread-7] Stopping service [Tomcat]
2022-10-04 17:25:47,696 INFO org.apache.juli.logging.DirectJDKLog [Thread-7] Waiting for [1] instance(s) to be deallocated for Servlet [dispatcherServlet]
2022-10-04 17:25:48,738 INFO org.apache.juli.logging.DirectJDKLog [Thread-7] Waiting for [1] instance(s) to be deallocated for Servlet [dispatcherServlet]
2022-10-04 17:25:49,783 INFO org.apache.juli.logging.DirectJDKLog [Thread-7] Waiting for [1] instance(s) to be deallocated for Servlet [dispatcherServlet]
2022-10-04 17:25:49,886 INFO org.apache.juli.logging.DirectJDKLog [Thread-7] Destroying Spring FrameworkServlet 'dispatcherServlet'
2022-10-04 17:25:49,915 WARN org.apache.juli.logging.DirectJDKLog [Thread-7] The web application [ROOT] is still processing a request that has yet to finish. This is very likely to create a memory leak. You can control the time allowed for requests to finish by using the unloadDelay attribute of the standard Context implementation. Stack trace of request processing thread:[
 com.reportanalytics.controllers.ReportJspController.ivrSummeryReportPage(Unknown Source)
 java.base@17.0.2/jdk.internal.reflect.NativeMethodAccessorImpl.invoke0(Native Method)
 java.base@17.0.2/jdk.internal.reflect.NativeMethodAccessorImpl.invoke(NativeMethodAccessorImpl.java:77)
 java.base@17.0.2/jdk.internal.reflect.DelegatingMethodAccessorImpl.invoke(DelegatingMethodAccessorImpl.java:43)
 java.base@17.0.2/java.lang.reflect.Method.invoke(Method.java:568)
 app//org.springframework.web.method.support.InvocableHandlerMethod.doInvoke(InvocableHandlerMethod.java:205)
 app//org.springframework.web.method.support.InvocableHandlerMethod.invokeForRequest(InvocableHandlerMethod.java:150)
 app//org.springframework.web.servlet.mvc.method.annotation.ServletInvocableHandlerMethod.invokeAndHandle(ServletInvocableHandlerMethod.java:117)
 app//org.springframework.web.servlet.mvc.method.annotation.RequestMappingHandlerAdapter.invokeHandlerMethod(RequestMappingHandlerAdapter.java:895)
 app//org.springframework.web.servlet.mvc.method.annotation.RequestMappingHandlerAdapter.handleInternal(RequestMappingHandlerAdapter.java:808)
 app//org.springframework.web.servlet.mvc.method.AbstractHandlerMethodAdapter.handle(AbstractHandlerMethodAdapter.java:87)
 app//org.springframework.web.servlet.DispatcherServlet.doDispatch(DispatcherServlet.java:1070)
 app//org.springframework.web.servlet.DispatcherServlet.doService(DispatcherServlet.java:963)
 app//org.springframework.web.servlet.FrameworkServlet.processRequest(FrameworkServlet.java:1006)
 app//org.springframework.web.servlet.FrameworkServlet.doGet(FrameworkServlet.java:898)
 app//javax.servlet.http.HttpServlet.service(HttpServlet.java:655)
 app//org.springframework.web.servlet.FrameworkServlet.service(FrameworkServlet.java:883)
 app//javax.servlet.http.HttpServlet.service(HttpServlet.java:764)
 app//org.apache.catalina.core.ApplicationFilterChain.internalDoFilter(ApplicationFilterChain.java:227)
 app//org.apache.catalina.core.ApplicationFilterChain.doFilter(ApplicationFilterChain.java:162)
 app//org.apache.tomcat.websocket.server.WsFilter.doFilter(WsFilter.java:53)
 app//org.apache.catalina.core.ApplicationFilterChain.internalDoFilter(ApplicationFilterChain.java:189)
 app//org.apache.catalina.core.ApplicationFilterChain.doFilter(ApplicationFilterChain.java:162)
 app//org.springframework.web.filter.RequestContextFilter.doFilterInternal(RequestContextFilter.java:100)
 app//org.springframework.web.filter.OncePerRequestFilter.doFilter(OncePerRequestFilter.java:117)
 app//org.apache.catalina.core.ApplicationFilterChain.internalDoFilter(ApplicationFilterChain.java:189)
 app//org.apache.catalina.core.ApplicationFilterChain.doFilter(ApplicationFilterChain.java:162)
 app//org.springframework.web.filter.FormContentFilter.doFilterInternal(FormContentFilter.java:93)
 app//org.springframework.web.filter.OncePerRequestFilter.doFilter(OncePerRequestFilter.java:117)
 app//org.apache.catalina.core.ApplicationFilterChain.internalDoFilter(ApplicationFilterChain.java:189)
 app//org.apache.catalina.core.ApplicationFilterChain.doFilter(ApplicationFilterChain.java:162)
 app//org.springframework.web.filter.CharacterEncodingFilter.doFilterInternal(CharacterEncodingFilter.java:201)
 app//org.springframework.web.filter.OncePerRequestFilter.doFilter(OncePerRequestFilter.java:117)
 app//org.apache.catalina.core.ApplicationFilterChain.internalDoFilter(ApplicationFilterChain.java:189)
 app//org.apache.catalina.core.ApplicationFilterChain.doFilter(ApplicationFilterChain.java:162)
 app//org.apache.catalina.core.StandardWrapperValve.invoke(StandardWrapperValve.java:197)
 app//org.apache.catalina.core.StandardContextValve.invoke(StandardContextValve.java:97)
 app//org.apache.catalina.authenticator.AuthenticatorBase.invoke(AuthenticatorBase.java:541)
 app//org.apache.catalina.core.StandardHostValve.invoke(StandardHostValve.java:135)
 app//org.apache.catalina.valves.ErrorReportValve.invoke(ErrorReportValve.java:92)
 app//org.apache.catalina.core.StandardEngineValve.invoke(StandardEngineValve.java:78)
 app//org.apache.catalina.connector.CoyoteAdapter.service(CoyoteAdapter.java:360)
 app//org.apache.coyote.http11.Http11Processor.service(Http11Processor.java:399)
 app//org.apache.coyote.AbstractProcessorLight.process(AbstractProcessorLight.java:65)
 app//org.apache.coyote.AbstractProtocol$ConnectionHandler.process(AbstractProtocol.java:890)
 app//org.apache.tomcat.util.net.NioEndpoint$SocketProcessor.doRun(NioEndpoint.java:1789)
 app//org.apache.tomcat.util.net.SocketProcessorBase.run(SocketProcessorBase.java:49)
 app//org.apache.tomcat.util.threads.ThreadPoolExecutor.runWorker(ThreadPoolExecutor.java:1191)
 app//org.apache.tomcat.util.threads.ThreadPoolExecutor$Worker.run(ThreadPoolExecutor.java:659)
 app//org.apache.tomcat.util.threads.TaskThread$WrappingRunnable.run(TaskThread.java:61)
 java.base@17.0.2/java.lang.Thread.run(Thread.java:833)]
2022-10-04 17:25:49,916 INFO org.apache.juli.logging.DirectJDKLog [Thread-7] Stopping ProtocolHandler ["http-nio-8080"]
2022-10-04 17:25:54,923 WARN org.apache.juli.logging.DirectJDKLog [Thread-7] The executor associated with thread pool [http-nio-8080] has not fully shutdown. Some application threads may still be running.
2022-10-04 17:25:54,926 INFO org.apache.juli.logging.DirectJDKLog [Thread-7] Destroying ProtocolHandler ["http-nio-8080"]
2022-10-04 17:25:54,957 INFO org.springframework.orm.jpa.AbstractEntityManagerFactoryBean [Thread-7] Closing JPA EntityManagerFactory for persistence unit 'default'
2022-10-04 17:25:54,962 INFO com.zaxxer.hikari.HikariDataSource [Thread-7] HikariPool-2 - Shutdown initiated...
2022-10-04 17:25:54,980 INFO com.zaxxer.hikari.HikariDataSource [Thread-7] HikariPool-2 - Shutdown completed.
2022-10-04 17:25:55,426 INFO org.springframework.boot.StartupInfoLogger [restartedMain] Starting ReportAnalyticsApplication using Java 17.0.2 on Chittaranjans-MacBook-Pro.local with PID 49434 (/Users/chittaranjan/Desktop/Projects/Generic Report/workspaces/ws-1/wns-report-analytics/target/classes started by chittaranjan in /Users/chittaranjan/Desktop/Projects/Generic Report/workspaces/ws-1/wns-report-analytics)
2022-10-04 17:25:55,428 INFO org.springframework.boot.SpringApplication [restartedMain] No active profile set, falling back to 1 default profile: "default"
2022-10-04 17:25:55,868 INFO org.springframework.data.repository.config.RepositoryConfigurationDelegate [restartedMain] Bootstrapping Spring Data JPA repositories in DEFAULT mode.
2022-10-04 17:25:55,931 INFO org.springframework.data.repository.config.RepositoryConfigurationDelegate [restartedMain] Finished Spring Data repository scanning in 61 ms. Found 6 JPA repository interfaces.
2022-10-04 17:25:56,358 INFO org.springframework.boot.web.embedded.tomcat.TomcatWebServer [restartedMain] Tomcat initialized with port(s): 8080 (http)
2022-10-04 17:25:56,362 INFO org.apache.juli.logging.DirectJDKLog [restartedMain] Initializing ProtocolHandler ["http-nio-8080"]
2022-10-04 17:25:56,362 INFO org.apache.juli.logging.DirectJDKLog [restartedMain] Starting service [Tomcat]
2022-10-04 17:25:56,363 INFO org.apache.juli.logging.DirectJDKLog [restartedMain] Starting Servlet engine: [Apache Tomcat/9.0.65]
2022-10-04 17:25:56,529 INFO org.apache.juli.logging.DirectJDKLog [restartedMain] At least one JAR was scanned for TLDs yet contained no TLDs. Enable debug logging for this logger for a complete list of JARs that were scanned but no TLDs were found in them. Skipping unneeded JARs during scanning can improve startup time and JSP compilation time.
2022-10-04 17:25:56,533 INFO org.apache.juli.logging.DirectJDKLog [restartedMain] Initializing Spring embedded WebApplicationContext
2022-10-04 17:25:56,534 INFO org.springframework.boot.web.servlet.context.ServletWebServerApplicationContext [restartedMain] Root WebApplicationContext: initialization completed in 1086 ms
2022-10-04 17:25:56,595 INFO org.hibernate.jpa.internal.util.LogHelper [restartedMain] HHH000204: Processing PersistenceUnitInfo [name: default]
2022-10-04 17:25:56,609 INFO com.zaxxer.hikari.HikariDataSource [restartedMain] HikariPool-3 - Starting...
2022-10-04 17:25:56,875 INFO com.zaxxer.hikari.HikariDataSource [restartedMain] HikariPool-3 - Start completed.
2022-10-04 17:25:56,876 INFO org.hibernate.dialect.Dialect [restartedMain] HHH000400: Using dialect: org.hibernate.dialect.SQLServer2012Dialect
2022-10-04 17:25:57,997 INFO org.hibernate.engine.transaction.jta.platform.internal.JtaPlatformInitiator [restartedMain] HHH000490: Using JtaPlatform implementation: [org.hibernate.engine.transaction.jta.platform.internal.NoJtaPlatform]
2022-10-04 17:25:58,001 INFO org.springframework.orm.jpa.AbstractEntityManagerFactoryBean [restartedMain] Initialized JPA EntityManagerFactory for persistence unit 'default'
2022-10-04 17:25:59,216 INFO org.springframework.boot.devtools.autoconfigure.OptionalLiveReloadServer [restartedMain] LiveReload server is running on port 35729
2022-10-04 17:25:59,243 INFO org.apache.juli.logging.DirectJDKLog [restartedMain] Starting ProtocolHandler ["http-nio-8080"]
2022-10-04 17:25:59,255 INFO org.springframework.boot.web.embedded.tomcat.TomcatWebServer [restartedMain] Tomcat started on port(s): 8080 (http) with context path ''
2022-10-04 17:25:59,263 INFO org.springframework.boot.StartupInfoLogger [restartedMain] Started ReportAnalyticsApplication in 4.041 seconds (JVM running for 140.505)
2022-10-04 17:25:59,270 INFO org.springframework.boot.devtools.autoconfigure.ConditionEvaluationDeltaLoggingListener [restartedMain] Condition evaluation unchanged
2022-10-04 17:26:26,088 INFO org.apache.juli.logging.DirectJDKLog [http-nio-8080-exec-1] Initializing Spring DispatcherServlet 'dispatcherServlet'
2022-10-04 17:26:26,093 INFO org.springframework.web.servlet.FrameworkServlet [http-nio-8080-exec-1] Initializing Servlet 'dispatcherServlet'
2022-10-04 17:26:26,113 INFO org.springframework.web.servlet.FrameworkServlet [http-nio-8080-exec-1] Completed initialization in 19 ms
2022-10-04 17:26:26,143 ERROR com.reportanalytics.services.IvrSurveyImpl [http-nio-8080-exec-1] Erro while retriving ivr survey data : java.lang.NullPointerException: Cannot invoke "String.length()" because "text" is null
2022-10-04 17:26:39,303 INFO org.springframework.boot.devtools.autoconfigure.LocalDevToolsAutoConfiguration$RestartingClassPathChangeChangedEventListener [File Watcher] Restarting due to 1 class path change (0 additions, 0 deletions, 1 modification)
2022-10-04 17:26:39,331 INFO org.apache.juli.logging.DirectJDKLog [Thread-11] Pausing ProtocolHandler ["http-nio-8080"]
2022-10-04 17:26:39,331 INFO org.apache.juli.logging.DirectJDKLog [Thread-11] Stopping service [Tomcat]
2022-10-04 17:26:39,332 INFO org.apache.juli.logging.DirectJDKLog [Thread-11] Destroying Spring FrameworkServlet 'dispatcherServlet'
2022-10-04 17:26:39,349 INFO org.apache.juli.logging.DirectJDKLog [Thread-11] Stopping ProtocolHandler ["http-nio-8080"]
2022-10-04 17:26:39,354 INFO org.apache.juli.logging.DirectJDKLog [Thread-11] Destroying ProtocolHandler ["http-nio-8080"]
2022-10-04 17:26:39,359 INFO org.springframework.orm.jpa.AbstractEntityManagerFactoryBean [Thread-11] Closing JPA EntityManagerFactory for persistence unit 'default'
2022-10-04 17:26:39,365 INFO com.zaxxer.hikari.HikariDataSource [Thread-11] HikariPool-3 - Shutdown initiated...
2022-10-04 17:26:39,383 INFO com.zaxxer.hikari.HikariDataSource [Thread-11] HikariPool-3 - Shutdown completed.
2022-10-04 17:26:39,787 INFO org.springframework.boot.StartupInfoLogger [restartedMain] Starting ReportAnalyticsApplication using Java 17.0.2 on Chittaranjans-MacBook-Pro.local with PID 49434 (/Users/chittaranjan/Desktop/Projects/Generic Report/workspaces/ws-1/wns-report-analytics/target/classes started by chittaranjan in /Users/chittaranjan/Desktop/Projects/Generic Report/workspaces/ws-1/wns-report-analytics)
2022-10-04 17:26:39,789 INFO org.springframework.boot.SpringApplication [restartedMain] No active profile set, falling back to 1 default profile: "default"
2022-10-04 17:26:40,187 INFO org.springframework.data.repository.config.RepositoryConfigurationDelegate [restartedMain] Bootstrapping Spring Data JPA repositories in DEFAULT mode.
2022-10-04 17:26:40,236 INFO org.springframework.data.repository.config.RepositoryConfigurationDelegate [restartedMain] Finished Spring Data repository scanning in 47 ms. Found 6 JPA repository interfaces.
2022-10-04 17:26:40,529 INFO org.springframework.boot.web.embedded.tomcat.TomcatWebServer [restartedMain] Tomcat initialized with port(s): 8080 (http)
2022-10-04 17:26:40,533 INFO org.apache.juli.logging.DirectJDKLog [restartedMain] Initializing ProtocolHandler ["http-nio-8080"]
2022-10-04 17:26:40,536 INFO org.apache.juli.logging.DirectJDKLog [restartedMain] Starting service [Tomcat]
2022-10-04 17:26:40,536 INFO org.apache.juli.logging.DirectJDKLog [restartedMain] Starting Servlet engine: [Apache Tomcat/9.0.65]
2022-10-04 17:26:40,651 INFO org.apache.juli.logging.DirectJDKLog [restartedMain] At least one JAR was scanned for TLDs yet contained no TLDs. Enable debug logging for this logger for a complete list of JARs that were scanned but no TLDs were found in them. Skipping unneeded JARs during scanning can improve startup time and JSP compilation time.
2022-10-04 17:26:40,653 INFO org.apache.juli.logging.DirectJDKLog [restartedMain] Initializing Spring embedded WebApplicationContext
2022-10-04 17:26:40,654 INFO org.springframework.boot.web.servlet.context.ServletWebServerApplicationContext [restartedMain] Root WebApplicationContext: initialization completed in 847 ms
2022-10-04 17:26:40,706 INFO org.hibernate.jpa.internal.util.LogHelper [restartedMain] HHH000204: Processing PersistenceUnitInfo [name: default]
2022-10-04 17:26:40,718 INFO com.zaxxer.hikari.HikariDataSource [restartedMain] HikariPool-4 - Starting...
2022-10-04 17:26:41,046 INFO com.zaxxer.hikari.HikariDataSource [restartedMain] HikariPool-4 - Start completed.
2022-10-04 17:26:41,047 INFO org.hibernate.dialect.Dialect [restartedMain] HHH000400: Using dialect: org.hibernate.dialect.SQLServer2012Dialect
2022-10-04 17:26:42,040 INFO org.hibernate.engine.transaction.jta.platform.internal.JtaPlatformInitiator [restartedMain] HHH000490: Using JtaPlatform implementation: [org.hibernate.engine.transaction.jta.platform.internal.NoJtaPlatform]
2022-10-04 17:26:42,049 INFO org.springframework.orm.jpa.AbstractEntityManagerFactoryBean [restartedMain] Initialized JPA EntityManagerFactory for persistence unit 'default'
2022-10-04 17:26:42,651 ERROR org.apache.juli.logging.DirectJDKLog [http-nio-8080-exec-1] Servlet.service() for servlet [dispatcherServlet] in context with path [] threw exception [Request processing failed; nested exception is java.lang.IllegalStateException: org.springframework.boot.web.servlet.context.AnnotationConfigServletWebServerApplicationContext@7d575c3c has been closed already] with root cause
java.lang.IllegalStateException: org.springframework.boot.web.servlet.context.AnnotationConfigServletWebServerApplicationContext@7d575c3c has been closed already
	at org.springframework.context.support.AbstractApplicationContext.assertBeanFactoryActive(AbstractApplicationContext.java:1138)
	at org.springframework.context.support.GenericApplicationContext.getAutowireCapableBeanFactory(GenericApplicationContext.java:329)
	at org.springframework.web.servlet.view.UrlBasedViewResolver.applyLifecycleMethods(UrlBasedViewResolver.java:615)
	at org.springframework.web.servlet.view.UrlBasedViewResolver.loadView(UrlBasedViewResolver.java:550)
	at org.springframework.web.servlet.view.AbstractCachingViewResolver.createView(AbstractCachingViewResolver.java:275)
	at org.springframework.web.servlet.view.UrlBasedViewResolver.createView(UrlBasedViewResolver.java:491)
	at org.springframework.web.servlet.view.AbstractCachingViewResolver.resolveViewName(AbstractCachingViewResolver.java:184)
	at org.springframework.web.servlet.view.ContentNegotiatingViewResolver.getCandidateViews(ContentNegotiatingViewResolver.java:310)
	at org.springframework.web.servlet.view.ContentNegotiatingViewResolver.resolveViewName(ContentNegotiatingViewResolver.java:228)
	at org.springframework.web.servlet.DispatcherServlet.resolveViewName(DispatcherServlet.java:1445)
	at org.springframework.web.servlet.DispatcherServlet.render(DispatcherServlet.java:1380)
	at org.springframework.web.servlet.DispatcherServlet.processDispatchResult(DispatcherServlet.java:1148)
	at org.springframework.web.servlet.DispatcherServlet.doDispatch(DispatcherServlet.java:1087)
	at org.springframework.web.servlet.DispatcherServlet.doService(DispatcherServlet.java:963)
	at org.springframework.web.servlet.FrameworkServlet.processRequest(FrameworkServlet.java:1006)
	at org.springframework.web.servlet.FrameworkServlet.doGet(FrameworkServlet.java:898)
	at javax.servlet.http.HttpServlet.service(HttpServlet.java:655)
	at org.springframework.web.servlet.FrameworkServlet.service(FrameworkServlet.java:883)
	at javax.servlet.http.HttpServlet.service(HttpServlet.java:764)
	at org.apache.catalina.core.ApplicationFilterChain.internalDoFilter(ApplicationFilterChain.java:227)
	at org.apache.catalina.core.ApplicationFilterChain.doFilter(ApplicationFilterChain.java:162)
	at org.apache.tomcat.websocket.server.WsFilter.doFilter(WsFilter.java:53)
	at org.apache.catalina.core.ApplicationFilterChain.internalDoFilter(ApplicationFilterChain.java:189)
	at org.apache.catalina.core.ApplicationFilterChain.doFilter(ApplicationFilterChain.java:162)
	at org.springframework.web.filter.RequestContextFilter.doFilterInternal(RequestContextFilter.java:100)
	at org.springframework.web.filter.OncePerRequestFilter.doFilter(OncePerRequestFilter.java:117)
	at org.apache.catalina.core.ApplicationFilterChain.internalDoFilter(ApplicationFilterChain.java:189)
	at org.apache.catalina.core.ApplicationFilterChain.doFilter(ApplicationFilterChain.java:162)
	at org.springframework.web.filter.FormContentFilter.doFilterInternal(FormContentFilter.java:93)
	at org.springframework.web.filter.OncePerRequestFilter.doFilter(OncePerRequestFilter.java:117)
	at org.apache.catalina.core.ApplicationFilterChain.internalDoFilter(ApplicationFilterChain.java:189)
	at org.apache.catalina.core.ApplicationFilterChain.doFilter(ApplicationFilterChain.java:162)
	at org.springframework.web.filter.CharacterEncodingFilter.doFilterInternal(CharacterEncodingFilter.java:201)
	at org.springframework.web.filter.OncePerRequestFilter.doFilter(OncePerRequestFilter.java:117)
	at org.apache.catalina.core.ApplicationFilterChain.internalDoFilter(ApplicationFilterChain.java:189)
	at org.apache.catalina.core.ApplicationFilterChain.doFilter(ApplicationFilterChain.java:162)
	at org.apache.catalina.core.StandardWrapperValve.invoke(StandardWrapperValve.java:197)
	at org.apache.catalina.core.StandardContextValve.invoke(StandardContextValve.java:97)
	at org.apache.catalina.authenticator.AuthenticatorBase.invoke(AuthenticatorBase.java:541)
	at org.apache.catalina.core.StandardHostValve.invoke(StandardHostValve.java:135)
	at org.apache.catalina.valves.ErrorReportValve.invoke(ErrorReportValve.java:92)
	at org.apache.catalina.core.StandardEngineValve.invoke(StandardEngineValve.java:78)
	at org.apache.catalina.connector.CoyoteAdapter.service(CoyoteAdapter.java:360)
	at org.apache.coyote.http11.Http11Processor.service(Http11Processor.java:399)
	at org.apache.coyote.AbstractProcessorLight.process(AbstractProcessorLight.java:65)
	at org.apache.coyote.AbstractProtocol$ConnectionHandler.process(AbstractProtocol.java:890)
	at org.apache.tomcat.util.net.NioEndpoint$SocketProcessor.doRun(NioEndpoint.java:1789)
	at org.apache.tomcat.util.net.SocketProcessorBase.run(SocketProcessorBase.java:49)
	at org.apache.tomcat.util.threads.ThreadPoolExecutor.runWorker(ThreadPoolExecutor.java:1191)
	at org.apache.tomcat.util.threads.ThreadPoolExecutor$Worker.run(ThreadPoolExecutor.java:659)
	at org.apache.tomcat.util.threads.TaskThread$WrappingRunnable.run(TaskThread.java:61)
	at java.base/java.lang.Thread.run(Thread.java:833)
2022-10-04 17:26:43,470 INFO org.springframework.boot.devtools.autoconfigure.OptionalLiveReloadServer [restartedMain] LiveReload server is running on port 35729
2022-10-04 17:26:43,495 INFO org.apache.juli.logging.DirectJDKLog [restartedMain] Starting ProtocolHandler ["http-nio-8080"]
2022-10-04 17:26:43,511 INFO org.springframework.boot.web.embedded.tomcat.TomcatWebServer [restartedMain] Tomcat started on port(s): 8080 (http) with context path ''
2022-10-04 17:26:43,522 INFO org.springframework.boot.StartupInfoLogger [restartedMain] Started ReportAnalyticsApplication in 3.935 seconds (JVM running for 184.764)
2022-10-04 17:26:43,529 INFO org.springframework.boot.devtools.autoconfigure.ConditionEvaluationDeltaLoggingListener [restartedMain] Condition evaluation unchanged
2022-10-04 17:29:17,098 INFO org.apache.juli.logging.DirectJDKLog [http-nio-8080-exec-1] Initializing Spring DispatcherServlet 'dispatcherServlet'
2022-10-04 17:29:17,110 INFO org.springframework.web.servlet.FrameworkServlet [http-nio-8080-exec-1] Initializing Servlet 'dispatcherServlet'
2022-10-04 17:29:17,121 INFO org.springframework.web.servlet.FrameworkServlet [http-nio-8080-exec-1] Completed initialization in 10 ms
