2022-11-04 10:28:35,357 INFO org.springframework.boot.StartupInfoLogger [restartedMain] Starting ReportAnalyticsApplication using Java 11.0.14 on stpl-sampita with PID 4240 (D:\snug\workspace\reporting workspace\report-analytics-pom\target\classes started by Sampita in D:\snug\workspace\reporting workspace\report-analytics-pom)
2022-11-04 10:28:35,365 INFO org.springframework.boot.SpringApplication [restartedMain] No active profile set, falling back to 1 default profile: "default"
2022-11-04 10:28:35,471 INFO org.springframework.boot.logging.DeferredLog [restartedMain] Devtools property defaults active! Set 'spring.devtools.add-properties' to 'false' to disable
2022-11-04 10:28:35,471 INFO org.springframework.boot.logging.DeferredLog [restartedMain] For additional web related logging consider setting the 'logging.level.web' property to 'DEBUG'
2022-11-04 10:28:36,169 INFO org.springframework.data.repository.config.RepositoryConfigurationDelegate [restartedMain] Bootstrapping Spring Data JPA repositories in DEFAULT mode.
2022-11-04 10:28:36,258 INFO org.springframework.data.repository.config.RepositoryConfigurationDelegate [restartedMain] Finished Spring Data repository scanning in 77 ms. Found 4 JPA repository interfaces.
2022-11-04 10:28:37,514 INFO org.springframework.boot.web.embedded.tomcat.TomcatWebServer [restartedMain] Tomcat initialized with port(s): 7080 (http)
2022-11-04 10:28:37,535 INFO org.apache.juli.logging.DirectJDKLog [restartedMain] Initializing ProtocolHandler ["http-nio-7080"]
2022-11-04 10:28:37,536 INFO org.apache.juli.logging.DirectJDKLog [restartedMain] Starting service [Tomcat]
2022-11-04 10:28:37,536 INFO org.apache.juli.logging.DirectJDKLog [restartedMain] Starting Servlet engine: [Apache Tomcat/9.0.65]
2022-11-04 10:28:37,855 INFO org.apache.juli.logging.DirectJDKLog [restartedMain] At least one JAR was scanned for TLDs yet contained no TLDs. Enable debug logging for this logger for a complete list of JARs that were scanned but no TLDs were found in them. Skipping unneeded JARs during scanning can improve startup time and JSP compilation time.
2022-11-04 10:28:37,868 INFO org.apache.juli.logging.DirectJDKLog [restartedMain] Initializing Spring embedded WebApplicationContext
2022-11-04 10:28:37,868 INFO org.springframework.boot.web.servlet.context.ServletWebServerApplicationContext [restartedMain] Root WebApplicationContext: initialization completed in 2396 ms
2022-11-04 10:28:38,137 INFO org.hibernate.jpa.internal.util.LogHelper [restartedMain] HHH000204: Processing PersistenceUnitInfo [name: default]
2022-11-04 10:28:38,213 INFO org.hibernate.Version [restartedMain] HHH000412: Hibernate ORM core version 5.6.10.Final
2022-11-04 10:28:38,472 INFO org.hibernate.annotations.common.reflection.java.JavaReflectionManager [restartedMain] HCANN000001: Hibernate Commons Annotations {5.1.2.Final}
2022-11-04 10:28:38,614 INFO com.zaxxer.hikari.HikariDataSource [restartedMain] HikariPool-1 - Starting...
2022-11-04 10:28:39,287 INFO com.zaxxer.hikari.HikariDataSource [restartedMain] HikariPool-1 - Start completed.
2022-11-04 10:28:39,314 INFO org.hibernate.dialect.Dialect [restartedMain] HHH000400: Using dialect: org.hibernate.dialect.SQLServer2012Dialect
2022-11-04 10:28:41,294 INFO org.hibernate.engine.transaction.jta.platform.internal.JtaPlatformInitiator [restartedMain] HHH000490: Using JtaPlatform implementation: [org.hibernate.engine.transaction.jta.platform.internal.NoJtaPlatform]
2022-11-04 10:28:41,303 INFO org.springframework.orm.jpa.AbstractEntityManagerFactoryBean [restartedMain] Initialized JPA EntityManagerFactory for persistence unit 'default'
2022-11-04 10:28:42,150 INFO org.springframework.boot.devtools.autoconfigure.OptionalLiveReloadServer [restartedMain] LiveReload server is running on port 35729
2022-11-04 10:28:42,166 INFO org.apache.juli.logging.DirectJDKLog [restartedMain] Starting ProtocolHandler ["http-nio-7080"]
2022-11-04 10:28:42,224 INFO org.springframework.boot.web.embedded.tomcat.TomcatWebServer [restartedMain] Tomcat started on port(s): 7080 (http) with context path '/report-analytics'
2022-11-04 10:28:42,239 INFO org.springframework.boot.StartupInfoLogger [restartedMain] Started ReportAnalyticsApplication in 7.561 seconds (JVM running for 8.636)
2022-11-04 10:29:29,437 INFO org.apache.juli.logging.DirectJDKLog [http-nio-7080-exec-1] Initializing Spring DispatcherServlet 'dispatcherServlet'
2022-11-04 10:29:29,439 INFO org.springframework.web.servlet.FrameworkServlet [http-nio-7080-exec-1] Initializing Servlet 'dispatcherServlet'
2022-11-04 10:29:29,443 INFO org.springframework.web.servlet.FrameworkServlet [http-nio-7080-exec-1] Completed initialization in 4 ms
2022-11-04 10:30:25,636 WARN org.apache.juli.logging.DirectJDKLog [http-nio-7080-exec-2] Creation of SecureRandom instance for session ID generation using [SHA1PRNG] took [311] milliseconds.
2022-11-04 12:11:51,849 INFO org.springframework.boot.StartupInfoLogger [restartedMain] Starting ReportAnalyticsApplication using Java 11.0.14 on stpl-sampita with PID 17036 (D:\snug\workspace\reporting workspace\report-analytics-pom\target\classes started by Sampita in D:\snug\workspace\reporting workspace\report-analytics-pom)
2022-11-04 12:11:51,854 INFO org.springframework.boot.SpringApplication [restartedMain] No active profile set, falling back to 1 default profile: "default"
2022-11-04 12:11:51,947 INFO org.springframework.boot.logging.DeferredLog [restartedMain] Devtools property defaults active! Set 'spring.devtools.add-properties' to 'false' to disable
2022-11-04 12:11:51,947 INFO org.springframework.boot.logging.DeferredLog [restartedMain] For additional web related logging consider setting the 'logging.level.web' property to 'DEBUG'
2022-11-04 12:11:52,519 INFO org.springframework.data.repository.config.RepositoryConfigurationDelegate [restartedMain] Bootstrapping Spring Data JPA repositories in DEFAULT mode.
2022-11-04 12:11:52,585 INFO org.springframework.data.repository.config.RepositoryConfigurationDelegate [restartedMain] Finished Spring Data repository scanning in 53 ms. Found 4 JPA repository interfaces.
2022-11-04 12:11:53,835 INFO org.springframework.boot.web.embedded.tomcat.TomcatWebServer [restartedMain] Tomcat initialized with port(s): 7080 (http)
2022-11-04 12:11:53,835 INFO org.apache.juli.logging.DirectJDKLog [restartedMain] Initializing ProtocolHandler ["http-nio-7080"]
2022-11-04 12:11:53,835 INFO org.apache.juli.logging.DirectJDKLog [restartedMain] Starting service [Tomcat]
2022-11-04 12:11:53,835 INFO org.apache.juli.logging.DirectJDKLog [restartedMain] Starting Servlet engine: [Apache Tomcat/9.0.65]
2022-11-04 12:11:54,168 INFO org.apache.juli.logging.DirectJDKLog [restartedMain] At least one JAR was scanned for TLDs yet contained no TLDs. Enable debug logging for this logger for a complete list of JARs that were scanned but no TLDs were found in them. Skipping unneeded JARs during scanning can improve startup time and JSP compilation time.
2022-11-04 12:11:54,184 INFO org.apache.juli.logging.DirectJDKLog [restartedMain] Initializing Spring embedded WebApplicationContext
2022-11-04 12:11:54,184 INFO org.springframework.boot.web.servlet.context.ServletWebServerApplicationContext [restartedMain] Root WebApplicationContext: initialization completed in 2237 ms
2022-11-04 12:11:54,452 INFO org.hibernate.jpa.internal.util.LogHelper [restartedMain] HHH000204: Processing PersistenceUnitInfo [name: default]
2022-11-04 12:11:54,502 INFO org.hibernate.Version [restartedMain] HHH000412: Hibernate ORM core version 5.6.10.Final
2022-11-04 12:11:54,735 INFO org.hibernate.annotations.common.reflection.java.JavaReflectionManager [restartedMain] HCANN000001: Hibernate Commons Annotations {5.1.2.Final}
2022-11-04 12:11:54,855 INFO com.zaxxer.hikari.HikariDataSource [restartedMain] HikariPool-1 - Starting...
2022-11-04 12:11:55,652 INFO com.zaxxer.hikari.HikariDataSource [restartedMain] HikariPool-1 - Start completed.
2022-11-04 12:11:55,686 INFO org.hibernate.dialect.Dialect [restartedMain] HHH000400: Using dialect: org.hibernate.dialect.SQLServer2012Dialect
2022-11-04 12:11:57,851 INFO org.hibernate.engine.transaction.jta.platform.internal.JtaPlatformInitiator [restartedMain] HHH000490: Using JtaPlatform implementation: [org.hibernate.engine.transaction.jta.platform.internal.NoJtaPlatform]
2022-11-04 12:11:57,851 INFO org.springframework.orm.jpa.AbstractEntityManagerFactoryBean [restartedMain] Initialized JPA EntityManagerFactory for persistence unit 'default'
2022-11-04 12:11:58,812 INFO org.springframework.boot.devtools.autoconfigure.OptionalLiveReloadServer [restartedMain] LiveReload server is running on port 35729
2022-11-04 12:11:58,844 INFO org.apache.juli.logging.DirectJDKLog [restartedMain] Starting ProtocolHandler ["http-nio-7080"]
2022-11-04 12:11:58,902 INFO org.springframework.boot.web.embedded.tomcat.TomcatWebServer [restartedMain] Tomcat started on port(s): 7080 (http) with context path '/report-analytics'
2022-11-04 12:11:58,919 INFO org.springframework.boot.StartupInfoLogger [restartedMain] Started ReportAnalyticsApplication in 7.636 seconds (JVM running for 8.481)
2022-11-04 12:12:15,751 INFO org.apache.juli.logging.DirectJDKLog [http-nio-7080-exec-1] Initializing Spring DispatcherServlet 'dispatcherServlet'
2022-11-04 12:12:15,759 INFO org.springframework.web.servlet.FrameworkServlet [http-nio-7080-exec-1] Initializing Servlet 'dispatcherServlet'
2022-11-04 12:12:15,760 INFO org.springframework.web.servlet.FrameworkServlet [http-nio-7080-exec-1] Completed initialization in 1 ms
2022-11-04 12:12:16,473 WARN org.apache.juli.logging.DirectJDKLog [http-nio-7080-exec-1] Creation of SecureRandom instance for session ID generation using [SHA1PRNG] took [138] milliseconds.
